======== Exception caught by widgets library =======================================================
The following LocaleDataException was thrown building CalendarHeader(dirty):
Locale data has not been initialized, call initializeDateFormatting(<locale>).

The relevant error-causing widget was: 
  CalendarHeader CalendarHeader:file:///Users/linkdrake/.pub-cache/hosted/pub.dev/table_calendar-3.1.3/lib/src/table_calendar.dart:461:22
When the exception was thrown, this was the stack: 
#0      UninitializedLocaleData._throwException (package:intl/src/intl_helpers.dart:80:5)
#1      UninitializedLocaleData.containsKey (package:intl/src/intl_helpers.dart:74:7)
#2      DateFormat.localeExists (package:intl/src/intl/date_format.dart:902:28)
#3      verifiedLocale (package:intl/src/intl_helpers.dart:185:19)
#4      new DateFormat (package:intl/src/intl/date_format.dart:267:27)
#5      new DateFormat.yMMMM (package:intl/src/intl/date_format.dart:550:32)
#6      CalendarHeader.build (package:table_calendar/src/widgets/calendar_header.dart:43:20)
#7      StatelessElement.build (package:flutter/src/widgets/framework.dart:5791:49)
#8      ComponentElement.performRebuild (package:flutter/src/widgets/framework.dart:5723:15)
#9      Element.rebuild (package:flutter/src/widgets/framework.dart:5435:7)
#10     ComponentElement._firstBuild (package:flutter/src/widgets/framework.dart:5705:5)
#11     ComponentElement.mount (package:flutter/src/widgets/framework.dart:5699:5)
...     Normal element mounting (9 frames)
#20     Element.inflateWidget (package:flutter/src/widgets/framework.dart:4548:16)
#21     MultiChildRenderObjectElement.inflateWidget (package:flutter/src/widgets/framework.dart:7169:36)
#22     MultiChildRenderObjectElement.mount (package:flutter/src/widgets/framework.dart:7185:32)
...     Normal element mounting (27 frames)
#49     Element.inflateWidget (package:flutter/src/widgets/framework.dart:4548:16)
#50     MultiChildRenderObjectElement.inflateWidget (package:flutter/src/widgets/framework.dart:7169:36)
#51     MultiChildRenderObjectElement.mount (package:flutter/src/widgets/framework.dart:7185:32)
#52     _ViewportElement.mount (package:flutter/src/widgets/viewport.dart:254:11)
...     Normal element mounting (120 frames)
#172    Element.inflateWidget (package:flutter/src/widgets/framework.dart:4548:16)
#173    MultiChildRenderObjectElement.inflateWidget (package:flutter/src/widgets/framework.dart:7169:36)
#174    MultiChildRenderObjectElement.mount (package:flutter/src/widgets/framework.dart:7185:32)
...     Normal element mounting (33 frames)
#207    Element.inflateWidget (package:flutter/src/widgets/framework.dart:4548:16)
#208    MultiChildRenderObjectElement.inflateWidget (package:flutter/src/widgets/framework.dart:7169:36)
#209    MultiChildRenderObjectElement.mount (package:flutter/src/widgets/framework.dart:7185:32)
...     Normal element mounting (119 frames)
#328    _InheritedProviderScopeElement.mount (package:provider/src/inherited_provider.dart:424:11)
...     Normal element mounting (7 frames)
#335    SingleChildWidgetElementMixin.mount (package:nested/nested.dart:222:11)
...     Normal element mounting (30 frames)
#365    Element.inflateWidget (package:flutter/src/widgets/framework.dart:4548:16)
#366    MultiChildRenderObjectElement.inflateWidget (package:flutter/src/widgets/framework.dart:7169:36)
#367    MultiChildRenderObjectElement.mount (package:flutter/src/widgets/framework.dart:7185:32)
...     Normal element mounting (188 frames)
#555    Element.inflateWidget (package:flutter/src/widgets/framework.dart:4548:16)
#556    MultiChildRenderObjectElement.inflateWidget (package:flutter/src/widgets/framework.dart:7169:36)
#557    Element.updateChild (package:flutter/src/widgets/framework.dart:4004:18)
#558    Element.updateChildren (package:flutter/src/widgets/framework.dart:4203:32)
#559    MultiChildRenderObjectElement.update (package:flutter/src/widgets/framework.dart:7202:17)
#560    Element.updateChild (package:flutter/src/widgets/framework.dart:3982:15)
#561    ComponentElement.performRebuild (package:flutter/src/widgets/framework.dart:5747:16)
#562    StatefulElement.performRebuild (package:flutter/src/widgets/framework.dart:5884:11)
#563    Element.rebuild (package:flutter/src/widgets/framework.dart:5435:7)
#564    StatefulElement.update (package:flutter/src/widgets/framework.dart:5909:5)
#565    Element.updateChild (package:flutter/src/widgets/framework.dart:3982:15)
#566    ComponentElement.performRebuild (package:flutter/src/widgets/framework.dart:5747:16)
#567    Element.rebuild (package:flutter/src/widgets/framework.dart:5435:7)
#568    ProxyElement.update (package:flutter/src/widgets/framework.dart:6051:5)
#569    Element.updateChild (package:flutter/src/widgets/framework.dart:3982:15)
#570    ComponentElement.performRebuild (package:flutter/src/widgets/framework.dart:5747:16)
#571    Element.rebuild (package:flutter/src/widgets/framework.dart:5435:7)
#572    ProxyElement.update (package:flutter/src/widgets/framework.dart:6051:5)
#573    _InheritedNotifierElement.update (package:flutter/src/widgets/inherited_notifier.dart:108:11)
#574    Element.updateChild (package:flutter/src/widgets/framework.dart:3982:15)
#575    ComponentElement.performRebuild (package:flutter/src/widgets/framework.dart:5747:16)
#576    StatefulElement.performRebuild (package:flutter/src/widgets/framework.dart:5884:11)
#577    Element.rebuild (package:flutter/src/widgets/framework.dart:5435:7)
#578    StatefulElement.update (package:flutter/src/widgets/framework.dart:5909:5)
#579    Element.updateChild (package:flutter/src/widgets/framework.dart:3982:15)
#580    ComponentElement.performRebuild (package:flutter/src/widgets/framework.dart:5747:16)
#581    Element.rebuild (package:flutter/src/widgets/framework.dart:5435:7)
#582    ProxyElement.update (package:flutter/src/widgets/framework.dart:6051:5)
#583    _InheritedNotifierElement.update (package:flutter/src/widgets/inherited_notifier.dart:108:11)
#584    Element.updateChild (package:flutter/src/widgets/framework.dart:3982:15)
#585    ComponentElement.performRebuild (package:flutter/src/widgets/framework.dart:5747:16)
#586    StatefulElement.performRebuild (package:flutter/src/widgets/framework.dart:5884:11)
#587    Element.rebuild (package:flutter/src/widgets/framework.dart:5435:7)
#588    StatefulElement.update (package:flutter/src/widgets/framework.dart:5909:5)
#589    Element.updateChild (package:flutter/src/widgets/framework.dart:3982:15)
#590    ComponentElement.performRebuild (package:flutter/src/widgets/framework.dart:5747:16)
#591    StatefulElement.performRebuild (package:flutter/src/widgets/framework.dart:5884:11)
#592    Element.rebuild (package:flutter/src/widgets/framework.dart:5435:7)
#593    StatefulElement.update (package:flutter/src/widgets/framework.dart:5909:5)
#594    Element.updateChild (package:flutter/src/widgets/framework.dart:3982:15)
#595    SingleChildRenderObjectElement.update (package:flutter/src/widgets/framework.dart:7025:14)
#596    Element.updateChild (package:flutter/src/widgets/framework.dart:3982:15)
#597    SingleChildRenderObjectElement.update (package:flutter/src/widgets/framework.dart:7025:14)
#598    Element.updateChild (package:flutter/src/widgets/framework.dart:3982:15)
#599    ComponentElement.performRebuild (package:flutter/src/widgets/framework.dart:5747:16)
#600    Element.rebuild (package:flutter/src/widgets/framework.dart:5435:7)
#601    ProxyElement.update (package:flutter/src/widgets/framework.dart:6051:5)
#602    Element.updateChild (package:flutter/src/widgets/framework.dart:3982:15)
#603    ComponentElement.performRebuild (package:flutter/src/widgets/framework.dart:5747:16)
#604    Element.rebuild (package:flutter/src/widgets/framework.dart:5435:7)
#605    ProxyElement.update (package:flutter/src/widgets/framework.dart:6051:5)
#606    Element.updateChild (package:flutter/src/widgets/framework.dart:3982:15)
#607    ComponentElement.performRebuild (package:flutter/src/widgets/framework.dart:5747:16)
#608    StatefulElement.performRebuild (package:flutter/src/widgets/framework.dart:5884:11)
#609    Element.rebuild (package:flutter/src/widgets/framework.dart:5435:7)
#610    StatefulElement.update (package:flutter/src/widgets/framework.dart:5909:5)
#611    Element.updateChild (package:flutter/src/widgets/framework.dart:3982:15)
#612    ComponentElement.performRebuild (package:flutter/src/widgets/framework.dart:5747:16)
#613    Element.rebuild (package:flutter/src/widgets/framework.dart:5435:7)
#614    ProxyElement.update (package:flutter/src/widgets/framework.dart:6051:5)
#615    Element.updateChild (package:flutter/src/widgets/framework.dart:3982:15)
#616    ComponentElement.performRebuild (package:flutter/src/widgets/framework.dart:5747:16)
#617    Element.rebuild (package:flutter/src/widgets/framework.dart:5435:7)
#618    ProxyElement.update (package:flutter/src/widgets/framework.dart:6051:5)
#619    _InheritedNotifierElement.update (package:flutter/src/widgets/inherited_notifier.dart:108:11)
#620    Element.updateChild (package:flutter/src/widgets/framework.dart:3982:15)
#621    ComponentElement.performRebuild (package:flutter/src/widgets/framework.dart:5747:16)
#622    StatefulElement.performRebuild (package:flutter/src/widgets/framework.dart:5884:11)
#623    Element.rebuild (package:flutter/src/widgets/framework.dart:5435:7)
#624    StatefulElement.update (package:flutter/src/widgets/framework.dart:5909:5)
#625    Element.updateChild (package:flutter/src/widgets/framework.dart:3982:15)
#626    ComponentElement.performRebuild (package:flutter/src/widgets/framework.dart:5747:16)
#627    Element.rebuild (package:flutter/src/widgets/framework.dart:5435:7)
#628    ProxyElement.update (package:flutter/src/widgets/framework.dart:6051:5)
#629    Element.updateChild (package:flutter/src/widgets/framework.dart:3982:15)
#630    ComponentElement.performRebuild (package:flutter/src/widgets/framework.dart:5747:16)
#631    Element.rebuild (package:flutter/src/widgets/framework.dart:5435:7)
#632    StatelessElement.update (package:flutter/src/widgets/framework.dart:5797:5)
#633    Element.updateChild (package:flutter/src/widgets/framework.dart:3982:15)
#634    ComponentElement.performRebuild (package:flutter/src/widgets/framework.dart:5747:16)
#635    Element.rebuild (package:flutter/src/widgets/framework.dart:5435:7)
#636    ProxyElement.update (package:flutter/src/widgets/framework.dart:6051:5)
#637    Element.updateChild (package:flutter/src/widgets/framework.dart:3982:15)
#638    ComponentElement.performRebuild (package:flutter/src/widgets/framework.dart:5747:16)
#639    Element.rebuild (package:flutter/src/widgets/framework.dart:5435:7)
#640    ProxyElement.update (package:flutter/src/widgets/framework.dart:6051:5)
#641    Element.updateChild (package:flutter/src/widgets/framework.dart:3982:15)
#642    ComponentElement.performRebuild (package:flutter/src/widgets/framework.dart:5747:16)
#643    StatefulElement.performRebuild (package:flutter/src/widgets/framework.dart:5884:11)
#644    Element.rebuild (package:flutter/src/widgets/framework.dart:5435:7)
#645    BuildScope._tryRebuild (package:flutter/src/widgets/framework.dart:2695:15)
#646    BuildScope._flushDirtyElements (package:flutter/src/widgets/framework.dart:2752:11)
#647    BuildOwner.buildScope (package:flutter/src/widgets/framework.dart:3056:18)
#648    WidgetsBinding.drawFrame (package:flutter/src/widgets/binding.dart:1259:21)
#649    RendererBinding._handlePersistentFrameCallback (package:flutter/src/rendering/binding.dart:495:5)
#650    SchedulerBinding._invokeFrameCallback (package:flutter/src/scheduler/binding.dart:1434:15)
#651    SchedulerBinding.handleDrawFrame (package:flutter/src/scheduler/binding.dart:1347:9)
#652    SchedulerBinding._handleDrawFrame (package:flutter/src/scheduler/binding.dart:1200:5)
#653    _invoke (dart:ui/hooks.dart:330:13)
#654    PlatformDispatcher._drawFrame (dart:ui/platform_dispatcher.dart:444:5)
#655    _drawFrame (dart:ui/hooks.dart:302:31)
====================================================================================================
flutter: 加载预约列表，日期: 2025-11-09
flutter: ═══ MedApptRepository: getWeekAppointments ═══
flutter: 请求参数: {date: 2025-11-09, page: 1, size: 20}

======== Exception caught by widgets library =======================================================
The following LocaleDataException was thrown building CalendarPage(dirty):
Locale data has not been initialized, call initializeDateFormatting(<locale>).

The relevant error-causing widget was: 
  CalendarPage CalendarPage:file:///Users/linkdrake/.pub-cache/hosted/pub.dev/table_calendar-3.1.3/lib/src/widgets/calendar_core.dart:75:16
When the exception was thrown, this was the stack: 
#0      UninitializedLocaleData._throwException (package:intl/src/intl_helpers.dart:80:5)
#1      UninitializedLocaleData.containsKey (package:intl/src/intl_helpers.dart:74:7)
#2      DateFormat.localeExists (package:intl/src/intl/date_format.dart:902:28)
#3      verifiedLocale (package:intl/src/intl_helpers.dart:185:19)
#4      new DateFormat (package:intl/src/intl/date_format.dart:267:27)
#5      new DateFormat.E (package:intl/src/intl/date_format.dart:527:28)
#6      _TableCalendarState.build.<anonymous closure> (package:table_calendar/src/table_calendar.dart:541:32)
#7      CalendarCore.build.<anonymous closure>.<anonymous closure> (package:table_calendar/src/widgets/calendar_core.dart:85:34)
#8      CalendarPage._buildDaysOfWeek.<anonymous closure> (package:table_calendar/src/widgets/calendar_page.dart:78:31)
#9      new _GrowableList.generate (dart:core-patch/growable_array.dart:140:28)
#10     CalendarPage._buildDaysOfWeek (package:table_calendar/src/widgets/calendar_page.dart:76:22)
#11     CalendarPage.build (package:table_calendar/src/widgets/calendar_page.dart:47:33)
#12     StatelessElement.build (package:flutter/src/widgets/framework.dart:5791:49)
#13     ComponentElement.performRebuild (package:flutter/src/widgets/framework.dart:5723:15)
#14     Element.rebuild (package:flutter/src/widgets/framework.dart:5435:7)
#15     ComponentElement._firstBuild (package:flutter/src/widgets/framework.dart:5705:5)
#16     ComponentElement.mount (package:flutter/src/widgets/framework.dart:5699:5)
...     Normal element mounting (41 frames)
#57     Element.inflateWidget (package:flutter/src/widgets/framework.dart:4548:16)
#58     Element.updateChild (package:flutter/src/widgets/framework.dart:4004:18)
#59     SliverMultiBoxAdaptorElement.updateChild (package:flutter/src/widgets/sliver.dart:1001:37)
#60     SliverMultiBoxAdaptorElement.createChild.<anonymous closure> (package:flutter/src/widgets/sliver.dart:985:20)
#61     BuildOwner.buildScope (package:flutter/src/widgets/framework.dart:3046:19)
#62     SliverMultiBoxAdaptorElement.createChild (package:flutter/src/widgets/sliver.dart:975:12)
#63     RenderSliverMultiBoxAdaptor._createOrObtainChild.<anonymous closure> (package:flutter/src/rendering/sliver_multi_box_adaptor.dart:372:23)
#64     RenderObject.invokeLayoutCallback.<anonymous closure> (package:flutter/src/rendering/object.dart:2881:17)
#65     PipelineOwner._enableMutationsToDirtySubtrees (package:flutter/src/rendering/object.dart:1206:15)
#66     RenderObject.invokeLayoutCallback (package:flutter/src/rendering/object.dart:2880:14)
#67     RenderSliverMultiBoxAdaptor._createOrObtainChild (package:flutter/src/rendering/sliver_multi_box_adaptor.dart:360:5)
#68     RenderSliverMultiBoxAdaptor.addInitialChild (package:flutter/src/rendering/sliver_multi_box_adaptor.dart:460:5)
#69     RenderSliverFixedExtentBoxAdaptor.performLayout (package:flutter/src/rendering/sliver_fixed_extent_list.dart:319:12)
#70     RenderObject.layout (package:flutter/src/rendering/object.dart:2762:7)
#71     RenderSliverEdgeInsetsPadding.performLayout (package:flutter/src/rendering/sliver_padding.dart:133:12)
#72     _RenderSliverFractionalPadding.performLayout (package:flutter/src/widgets/sliver_fill.dart:162:11)
#73     RenderObject.layout (package:flutter/src/rendering/object.dart:2762:7)
#74     RenderViewportBase.layoutChildSequence (package:flutter/src/rendering/viewport.dart:673:13)
#75     RenderViewport._attemptLayout (package:flutter/src/rendering/viewport.dart:1684:12)
#76     RenderViewport.performLayout (package:flutter/src/rendering/viewport.dart:1575:20)
#77     RenderObject.layout (package:flutter/src/rendering/object.dart:2762:7)
#78     RenderProxyBoxMixin.performLayout (package:flutter/src/rendering/proxy_box.dart:115:18)
#79     RenderObject.layout (package:flutter/src/rendering/object.dart:2762:7)
#80     RenderProxyBoxMixin.performLayout (package:flutter/src/rendering/proxy_box.dart:115:18)
#81     RenderObject.layout (package:flutter/src/rendering/object.dart:2762:7)
#82     RenderProxyBoxMixin.performLayout (package:flutter/src/rendering/proxy_box.dart:115:18)
#83     RenderObject.layout (package:flutter/src/rendering/object.dart:2762:7)
#84     RenderProxyBoxMixin.performLayout (package:flutter/src/rendering/proxy_box.dart:115:18)
#85     RenderObject.layout (package:flutter/src/rendering/object.dart:2762:7)
#86     RenderProxyBoxMixin.performLayout (package:flutter/src/rendering/proxy_box.dart:115:18)
#87     RenderObject.layout (package:flutter/src/rendering/object.dart:2762:7)
#88     RenderProxyBoxMixin.performLayout (package:flutter/src/rendering/proxy_box.dart:115:18)
#89     RenderObject.layout (package:flutter/src/rendering/object.dart:2762:7)
#90     RenderConstrainedBox.performLayout (package:flutter/src/rendering/proxy_box.dart:293:14)
#91     RenderObject.layout (package:flutter/src/rendering/object.dart:2762:7)
#92     RenderAnimatedSize.performLayout (package:flutter/src/rendering/animated_size.dart:258:12)
#93     RenderObject.layout (package:flutter/src/rendering/object.dart:2762:7)
#94     RenderProxyBoxMixin.performLayout (package:flutter/src/rendering/proxy_box.dart:115:18)
#95     RenderObject.layout (package:flutter/src/rendering/object.dart:2762:7)
#96     RenderProxyBoxMixin.performLayout (package:flutter/src/rendering/proxy_box.dart:115:18)
#97     RenderObject.layout (package:flutter/src/rendering/object.dart:2762:7)
#98     _RenderLayoutBuilder.performLayout (package:flutter/src/widgets/layout_builder.dart:450:14)
#99     RenderObject.layout (package:flutter/src/rendering/object.dart:2762:7)
#100    ChildLayoutHelper.layoutChild (package:flutter/src/rendering/layout_helper.dart:62:11)
#101    RenderFlex._computeSizes (package:flutter/src/rendering/flex.dart:1161:28)
#102    RenderFlex.performLayout (package:flutter/src/rendering/flex.dart:1257:32)
#103    RenderObject.layout (package:flutter/src/rendering/object.dart:2762:7)
#104    RenderPadding.performLayout (package:flutter/src/rendering/shifted_box.dart:243:12)
#105    RenderObject.layout (package:flutter/src/rendering/object.dart:2762:7)
#106    RenderProxyBoxMixin.performLayout (package:flutter/src/rendering/proxy_box.dart:115:18)
#107    RenderObject.layout (package:flutter/src/rendering/object.dart:2762:7)
#108    RenderPadding.performLayout (package:flutter/src/rendering/shifted_box.dart:243:12)
#109    RenderObject.layout (package:flutter/src/rendering/object.dart:2762:7)
#110    RenderSliverToBoxAdapter.performLayout (package:flutter/src/rendering/sliver.dart:2041:12)
#111    RenderObject.layout (package:flutter/src/rendering/object.dart:2762:7)
#112    RenderViewportBase.layoutChildSequence (package:flutter/src/rendering/viewport.dart:673:13)
#113    RenderViewport._attemptLayout (package:flutter/src/rendering/viewport.dart:1684:12)
#114    RenderViewport.performLayout (package:flutter/src/rendering/viewport.dart:1575:20)
#115    RenderObject.layout (package:flutter/src/rendering/object.dart:2762:7)
#116    RenderProxyBoxMixin.performLayout (package:flutter/src/rendering/proxy_box.dart:115:18)
#117    RenderObject.layout (package:flutter/src/rendering/object.dart:2762:7)
#118    RenderProxyBoxMixin.performLayout (package:flutter/src/rendering/proxy_box.dart:115:18)
#119    RenderObject.layout (package:flutter/src/rendering/object.dart:2762:7)
#120    RenderProxyBoxMixin.performLayout (package:flutter/src/rendering/proxy_box.dart:115:18)
#121    RenderObject.layout (package:flutter/src/rendering/object.dart:2762:7)
#122    RenderProxyBoxMixin.performLayout (package:flutter/src/rendering/proxy_box.dart:115:18)
#123    RenderObject.layout (package:flutter/src/rendering/object.dart:2762:7)
#124    RenderProxyBoxMixin.performLayout (package:flutter/src/rendering/proxy_box.dart:115:18)
#125    RenderObject.layout (package:flutter/src/rendering/object.dart:2762:7)
#126    RenderProxyBoxMixin.performLayout (package:flutter/src/rendering/proxy_box.dart:115:18)
#127    RenderObject.layout (package:flutter/src/rendering/object.dart:2762:7)
#128    RenderProxyBoxMixin.performLayout (package:flutter/src/rendering/proxy_box.dart:115:18)
#129    RenderObject.layout (package:flutter/src/rendering/object.dart:2762:7)
#130    RenderProxyBoxMixin.performLayout (package:flutter/src/rendering/proxy_box.dart:115:18)
#131    RenderCustomPaint.performLayout (package:flutter/src/rendering/custom_paint.dart:574:11)
#132    RenderObject.layout (package:flutter/src/rendering/object.dart:2762:7)
#133    RenderProxyBoxMixin.performLayout (package:flutter/src/rendering/proxy_box.dart:115:18)
#134    RenderObject.layout (package:flutter/src/rendering/object.dart:2762:7)
#135    RenderProxyBoxMixin.performLayout (package:flutter/src/rendering/proxy_box.dart:115:18)
#136    RenderObject.layout (package:flutter/src/rendering/object.dart:2762:7)
#137    RenderProxyBoxMixin.performLayout (package:flutter/src/rendering/proxy_box.dart:115:18)
#138    RenderObject.layout (package:flutter/src/rendering/object.dart:2762:7)
#139    RenderProxyBoxMixin.performLayout (package:flutter/src/rendering/proxy_box.dart:115:18)
#140    RenderObject.layout (package:flutter/src/rendering/object.dart:2762:7)
#141    RenderProxyBoxMixin.performLayout (package:flutter/src/rendering/proxy_box.dart:115:18)
#142    RenderObject.layout (package:flutter/src/rendering/object.dart:2762:7)
#143    ChildLayoutHelper.layoutChild (package:flutter/src/rendering/layout_helper.dart:62:11)
#144    RenderStack._computeSize (package:flutter/src/rendering/stack.dart:645:43)
#145    RenderStack.performLayout (package:flutter/src/rendering/stack.dart:672:12)
#146    RenderObject.layout (package:flutter/src/rendering/object.dart:2762:7)
#147    MultiChildLayoutDelegate.layoutChild (package:flutter/src/rendering/custom_layout.dart:180:12)
#148    _ScaffoldLayout.performLayout (package:flutter/src/material/scaffold.dart:1122:7)
#149    MultiChildLayoutDelegate._callPerformLayout (package:flutter/src/rendering/custom_layout.dart:249:7)
#150    RenderCustomMultiChildLayoutBox.performLayout (package:flutter/src/rendering/custom_layout.dart:420:14)
#151    RenderObject.layout (package:flutter/src/rendering/object.dart:2762:7)
#152    RenderProxyBoxMixin.performLayout (package:flutter/src/rendering/proxy_box.dart:115:18)
#153    RenderObject.layout (package:flutter/src/rendering/object.dart:2762:7)
#154    RenderProxyBoxMixin.performLayout (package:flutter/src/rendering/proxy_box.dart:115:18)
#155    _RenderCustomClip.performLayout (package:flutter/src/rendering/proxy_box.dart:1481:11)
#156    RenderObject.layout (package:flutter/src/rendering/object.dart:2762:7)
#157    RenderProxyBoxMixin.performLayout (package:flutter/src/rendering/proxy_box.dart:115:18)
#158    RenderObject.layout (package:flutter/src/rendering/object.dart:2762:7)
#159    RenderProxyBoxMixin.performLayout (package:flutter/src/rendering/proxy_box.dart:115:18)
#160    RenderObject.layout (package:flutter/src/rendering/object.dart:2762:7)
#161    RenderProxyBoxMixin.performLayout (package:flutter/src/rendering/proxy_box.dart:115:18)
#162    RenderObject.layout (package:flutter/src/rendering/object.dart:2762:7)
#163    ChildLayoutHelper.layoutChild (package:flutter/src/rendering/layout_helper.dart:62:11)
#164    RenderStack._computeSize (package:flutter/src/rendering/stack.dart:645:43)
#165    RenderStack.performLayout (package:flutter/src/rendering/stack.dart:672:12)
#166    RenderObject.layout (package:flutter/src/rendering/object.dart:2762:7)
#167    RenderProxyBoxMixin.performLayout (package:flutter/src/rendering/proxy_box.dart:115:18)
#168    RenderObject.layout (package:flutter/src/rendering/object.dart:2762:7)
#169    RenderProxyBoxMixin.performLayout (package:flutter/src/rendering/proxy_box.dart:115:18)
#170    RenderObject.layout (package:flutter/src/rendering/object.dart:2762:7)
#171    RenderProxyBoxMixin.performLayout (package:flutter/src/rendering/proxy_box.dart:115:18)
#172    RenderObject.layout (package:flutter/src/rendering/object.dart:2762:7)
#173    RenderProxyBoxMixin.performLayout (package:flutter/src/rendering/proxy_box.dart:115:18)
#174    RenderObject.layout (package:flutter/src/rendering/object.dart:2762:7)
#175    RenderProxyBoxMixin.performLayout (package:flutter/src/rendering/proxy_box.dart:115:18)
#176    RenderObject.layout (package:flutter/src/rendering/object.dart:2762:7)
#177    RenderOffstage.performLayout (package:flutter/src/rendering/proxy_box.dart:3846:14)
#178    RenderObject.layout (package:flutter/src/rendering/object.dart:2762:7)
#179    RenderProxyBoxMixin.performLayout (package:flutter/src/rendering/proxy_box.dart:115:18)
#180    RenderObject.layout (package:flutter/src/rendering/object.dart:2762:7)
#181    _RenderTheaterMixin.layoutChild (package:flutter/src/widgets/overlay.dart:1085:13)
#182    _RenderTheater.performLayout (package:flutter/src/widgets/overlay.dart:1430:9)
#183    RenderObject._layoutWithoutResize (package:flutter/src/rendering/object.dart:2610:7)
#184    PipelineOwner.flushLayout (package:flutter/src/rendering/object.dart:1157:18)
#185    PipelineOwner.flushLayout (package:flutter/src/rendering/object.dart:1170:15)
#186    RendererBinding.drawFrame (package:flutter/src/rendering/binding.dart:629:23)
#187    WidgetsBinding.drawFrame (package:flutter/src/widgets/binding.dart:1261:13)
#188    RendererBinding._handlePersistentFrameCallback (package:flutter/src/rendering/binding.dart:495:5)
#189    SchedulerBinding._invokeFrameCallback (package:flutter/src/scheduler/binding.dart:1434:15)
#190    SchedulerBinding.handleDrawFrame (package:flutter/src/scheduler/binding.dart:1347:9)
#191    SchedulerBinding._handleDrawFrame (package:flutter/src/scheduler/binding.dart:1200:5)
#192    _invoke (dart:ui/hooks.dart:330:13)
#193    PlatformDispatcher._drawFrame (dart:ui/platform_dispatcher.dart:444:5)
#194    _drawFrame (dart:ui/hooks.dart:302:31)
====================================================================================================

======== Exception caught by widgets library =======================================================
The following LocaleDataException was thrown building CalendarHeader:
Locale data has not been initialized, call initializeDateFormatting(<locale>).

The relevant error-causing widget was: 
  CalendarHeader CalendarHeader:file:///Users/linkdrake/.pub-cache/hosted/pub.dev/table_calendar-3.1.3/lib/src/table_calendar.dart:461:22
When the exception was thrown, this was the stack: 
#0      UninitializedLocaleData._throwException (package:intl/src/intl_helpers.dart:80:5)
#1      UninitializedLocaleData.containsKey (package:intl/src/intl_helpers.dart:74:7)
#2      DateFormat.localeExists (package:intl/src/intl/date_format.dart:902:28)
#3      verifiedLocale (package:intl/src/intl_helpers.dart:185:19)
#4      new DateFormat (package:intl/src/intl/date_format.dart:267:27)
#5      new DateFormat.yMMMM (package:intl/src/intl/date_format.dart:550:32)
#6      CalendarHeader.build (package:table_calendar/src/widgets/calendar_header.dart:43:20)
#7      StatelessElement.build (package:flutter/src/widgets/framework.dart:5791:49)
#8      ComponentElement.performRebuild (package:flutter/src/widgets/framework.dart:5723:15)
#9      Element.rebuild (package:flutter/src/widgets/framework.dart:5435:7)
#10     StatelessElement.update (package:flutter/src/widgets/framework.dart:5797:5)
#11     Element.updateChild (package:flutter/src/widgets/framework.dart:3982:15)
#12     ComponentElement.performRebuild (package:flutter/src/widgets/framework.dart:5747:16)
#13     StatefulElement.performRebuild (package:flutter/src/widgets/framework.dart:5884:11)
#14     Element.rebuild (package:flutter/src/widgets/framework.dart:5435:7)
#15     StatefulElement.update (package:flutter/src/widgets/framework.dart:5909:5)
#16     Element.updateChild (package:flutter/src/widgets/framework.dart:3982:15)
#17     Element.updateChildren (package:flutter/src/widgets/framework.dart:4139:32)
#18     MultiChildRenderObjectElement.update (package:flutter/src/widgets/framework.dart:7202:17)
#19     Element.updateChild (package:flutter/src/widgets/framework.dart:3982:15)
#20     ComponentElement.performRebuild (package:flutter/src/widgets/framework.dart:5747:16)
#21     StatefulElement.performRebuild (package:flutter/src/widgets/framework.dart:5884:11)
#22     Element.rebuild (package:flutter/src/widgets/framework.dart:5435:7)
#23     StatefulElement.update (package:flutter/src/widgets/framework.dart:5909:5)
#24     Element.updateChild (package:flutter/src/widgets/framework.dart:3982:15)
#25     SingleChildRenderObjectElement.update (package:flutter/src/widgets/framework.dart:7025:14)
#26     Element.updateChild (package:flutter/src/widgets/framework.dart:3982:15)
#27     SingleChildRenderObjectElement.update (package:flutter/src/widgets/framework.dart:7025:14)
#28     Element.updateChild (package:flutter/src/widgets/framework.dart:3982:15)
#29     SingleChildRenderObjectElement.update (package:flutter/src/widgets/framework.dart:7025:14)
#30     Element.updateChild (package:flutter/src/widgets/framework.dart:3982:15)
#31     ComponentElement.performRebuild (package:flutter/src/widgets/framework.dart:5747:16)
#32     Element.rebuild (package:flutter/src/widgets/framework.dart:5435:7)
#33     StatelessElement.update (package:flutter/src/widgets/framework.dart:5797:5)
#34     Element.updateChild (package:flutter/src/widgets/framework.dart:3982:15)
#35     SingleChildRenderObjectElement.update (package:flutter/src/widgets/framework.dart:7025:14)
#36     Element.updateChild (package:flutter/src/widgets/framework.dart:3982:15)
#37     Element.updateChildren (package:flutter/src/widgets/framework.dart:4139:32)
#38     MultiChildRenderObjectElement.update (package:flutter/src/widgets/framework.dart:7202:17)
#39     _ViewportElement.update (package:flutter/src/widgets/viewport.dart:264:11)
#40     Element.updateChild (package:flutter/src/widgets/framework.dart:3982:15)
#41     SingleChildRenderObjectElement.update (package:flutter/src/widgets/framework.dart:7025:14)
#42     Element.updateChild (package:flutter/src/widgets/framework.dart:3982:15)
#43     SingleChildRenderObjectElement.update (package:flutter/src/widgets/framework.dart:7025:14)
#44     Element.updateChild (package:flutter/src/widgets/framework.dart:3982:15)
#45     SingleChildRenderObjectElement.update (package:flutter/src/widgets/framework.dart:7025:14)
#46     Element.updateChild (package:flutter/src/widgets/framework.dart:3982:15)
#47     SingleChildRenderObjectElement.update (package:flutter/src/widgets/framework.dart:7025:14)
#48     Element.updateChild (package:flutter/src/widgets/framework.dart:3982:15)
#49     ComponentElement.performRebuild (package:flutter/src/widgets/framework.dart:5747:16)
#50     StatefulElement.performRebuild (package:flutter/src/widgets/framework.dart:5884:11)
#51     Element.rebuild (package:flutter/src/widgets/framework.dart:5435:7)
#52     StatefulElement.update (package:flutter/src/widgets/framework.dart:5909:5)
#53     Element.updateChild (package:flutter/src/widgets/framework.dart:3982:15)
#54     SingleChildRenderObjectElement.update (package:flutter/src/widgets/framework.dart:7025:14)
#55     Element.updateChild (package:flutter/src/widgets/framework.dart:3982:15)
#56     ComponentElement.performRebuild (package:flutter/src/widgets/framework.dart:5747:16)
#57     Element.rebuild (package:flutter/src/widgets/framework.dart:5435:7)
#58     ProxyElement.update (package:flutter/src/widgets/framework.dart:6051:5)
#59     Element.updateChild (package:flutter/src/widgets/framework.dart:3982:15)
#60     SingleChildRenderObjectElement.update (package:flutter/src/widgets/framework.dart:7025:14)
#61     Element.updateChild (package:flutter/src/widgets/framework.dart:3982:15)
#62     ComponentElement.performRebuild (package:flutter/src/widgets/framework.dart:5747:16)
#63     Element.rebuild (package:flutter/src/widgets/framework.dart:5435:7)
#64     ProxyElement.update (package:flutter/src/widgets/framework.dart:6051:5)
#65     Element.updateChild (package:flutter/src/widgets/framework.dart:3982:15)
#66     SingleChildRenderObjectElement.update (package:flutter/src/widgets/framework.dart:7025:14)
#67     Element.updateChild (package:flutter/src/widgets/framework.dart:3982:15)
#68     SingleChildRenderObjectElement.update (package:flutter/src/widgets/framework.dart:7025:14)
#69     Element.updateChild (package:flutter/src/widgets/framework.dart:3982:15)
#70     SingleChildRenderObjectElement.update (package:flutter/src/widgets/framework.dart:7025:14)
#71     Element.updateChild (package:flutter/src/widgets/framework.dart:3982:15)
#72     SingleChildRenderObjectElement.update (package:flutter/src/widgets/framework.dart:7025:14)
#73     Element.updateChild (package:flutter/src/widgets/framework.dart:3982:15)
#74     SingleChildRenderObjectElement.update (package:flutter/src/widgets/framework.dart:7025:14)
#75     Element.updateChild (package:flutter/src/widgets/framework.dart:3982:15)
#76     ComponentElement.performRebuild (package:flutter/src/widgets/framework.dart:5747:16)
#77     StatefulElement.performRebuild (package:flutter/src/widgets/framework.dart:5884:11)
#78     Element.rebuild (package:flutter/src/widgets/framework.dart:5435:7)
#79     StatefulElement.update (package:flutter/src/widgets/framework.dart:5909:5)
#80     Element.updateChild (package:flutter/src/widgets/framework.dart:3982:15)
#81     SingleChildRenderObjectElement.update (package:flutter/src/widgets/framework.dart:7025:14)
#82     Element.updateChild (package:flutter/src/widgets/framework.dart:3982:15)
#83     SingleChildRenderObjectElement.update (package:flutter/src/widgets/framework.dart:7025:14)
#84     Element.updateChild (package:flutter/src/widgets/framework.dart:3982:15)
#85     ComponentElement.performRebuild (package:flutter/src/widgets/framework.dart:5747:16)
#86     Element.rebuild (package:flutter/src/widgets/framework.dart:5435:7)
#87     ProxyElement.update (package:flutter/src/widgets/framework.dart:6051:5)
#88     Element.updateChild (package:flutter/src/widgets/framework.dart:3982:15)
#89     ComponentElement.performRebuild (package:flutter/src/widgets/framework.dart:5747:16)
#90     Element.rebuild (package:flutter/src/widgets/framework.dart:5435:7)
#91     ProxyElement.update (package:flutter/src/widgets/framework.dart:6051:5)
#92     Element.updateChild (package:flutter/src/widgets/framework.dart:3982:15)
#93     ComponentElement.performRebuild (package:flutter/src/widgets/framework.dart:5747:16)
#94     StatefulElement.performRebuild (package:flutter/src/widgets/framework.dart:5884:11)
#95     Element.rebuild (package:flutter/src/widgets/framework.dart:5435:7)
#96     StatefulElement.update (package:flutter/src/widgets/framework.dart:5909:5)
#97     Element.updateChild (package:flutter/src/widgets/framework.dart:3982:15)
#98     ComponentElement.performRebuild (package:flutter/src/widgets/framework.dart:5747:16)
#99     Element.rebuild (package:flutter/src/widgets/framework.dart:5435:7)
#100    StatelessElement.update (package:flutter/src/widgets/framework.dart:5797:5)
#101    Element.updateChild (package:flutter/src/widgets/framework.dart:3982:15)
#102    ComponentElement.performRebuild (package:flutter/src/widgets/framework.dart:5747:16)
#103    StatefulElement.performRebuild (package:flutter/src/widgets/framework.dart:5884:11)
#104    Element.rebuild (package:flutter/src/widgets/framework.dart:5435:7)
#105    StatefulElement.update (package:flutter/src/widgets/framework.dart:5909:5)
#106    Element.updateChild (package:flutter/src/widgets/framework.dart:3982:15)
#107    ComponentElement.performRebuild (package:flutter/src/widgets/framework.dart:5747:16)
#108    Element.rebuild (package:flutter/src/widgets/framework.dart:5435:7)
#109    StatelessElement.update (package:flutter/src/widgets/framework.dart:5797:5)
#110    Element.updateChild (package:flutter/src/widgets/framework.dart:3982:15)
#111    ComponentElement.performRebuild (package:flutter/src/widgets/framework.dart:5747:16)
#112    Element.rebuild (package:flutter/src/widgets/framework.dart:5435:7)
#113    ProxyElement.update (package:flutter/src/widgets/framework.dart:6051:5)
#114    Element.updateChild (package:flutter/src/widgets/framework.dart:3982:15)
#115    ComponentElement.performRebuild (package:flutter/src/widgets/framework.dart:5747:16)
#116    Element.rebuild (package:flutter/src/widgets/framework.dart:5435:7)
#117    ProxyElement.update (package:flutter/src/widgets/framework.dart:6051:5)
#118    Element.updateChild (package:flutter/src/widgets/framework.dart:3982:15)
#119    Element.updateChildren (package:flutter/src/widgets/framework.dart:4139:32)
#120    MultiChildRenderObjectElement.update (package:flutter/src/widgets/framework.dart:7202:17)
#121    Element.updateChild (package:flutter/src/widgets/framework.dart:3982:15)
#122    ComponentElement.performRebuild (package:flutter/src/widgets/framework.dart:5747:16)
#123    StatefulElement.performRebuild (package:flutter/src/widgets/framework.dart:5884:11)
#124    Element.rebuild (package:flutter/src/widgets/framework.dart:5435:7)
#125    StatefulElement.update (package:flutter/src/widgets/framework.dart:5909:5)
#126    Element.updateChild (package:flutter/src/widgets/framework.dart:3982:15)
#127    ComponentElement.performRebuild (package:flutter/src/widgets/framework.dart:5747:16)
#128    Element.rebuild (package:flutter/src/widgets/framework.dart:5435:7)
#129    StatelessElement.update (package:flutter/src/widgets/framework.dart:5797:5)
#130    Element.updateChild (package:flutter/src/widgets/framework.dart:3982:15)
#131    ComponentElement.performRebuild (package:flutter/src/widgets/framework.dart:5747:16)
#132    Element.rebuild (package:flutter/src/widgets/framework.dart:5435:7)
#133    StatelessElement.update (package:flutter/src/widgets/framework.dart:5797:5)
#134    Element.updateChild (package:flutter/src/widgets/framework.dart:3982:15)
#135    ComponentElement.performRebuild (package:flutter/src/widgets/framework.dart:5747:16)
#136    Element.rebuild (package:flutter/src/widgets/framework.dart:5435:7)
#137    ProxyElement.update (package:flutter/src/widgets/framework.dart:6051:5)
#138    Element.updateChild (package:flutter/src/widgets/framework.dart:3982:15)
#139    ComponentElement.performRebuild (package:flutter/src/widgets/framework.dart:5747:16)
#140    Element.rebuild (package:flutter/src/widgets/framework.dart:5435:7)
#141    ProxyElement.update (package:flutter/src/widgets/framework.dart:6051:5)
#142    Element.updateChild (package:flutter/src/widgets/framework.dart:3982:15)
#143    Element.updateChildren (package:flutter/src/widgets/framework.dart:4139:32)
#144    MultiChildRenderObjectElement.update (package:flutter/src/widgets/framework.dart:7202:17)
#145    Element.updateChild (package:flutter/src/widgets/framework.dart:3982:15)
#146    ComponentElement.performRebuild (package:flutter/src/widgets/framework.dart:5747:16)
#147    Element.rebuild (package:flutter/src/widgets/framework.dart:5435:7)
#148    ProxyElement.update (package:flutter/src/widgets/framework.dart:6051:5)
#149    Element.updateChild (package:flutter/src/widgets/framework.dart:3982:15)
#150    ComponentElement.performRebuild (package:flutter/src/widgets/framework.dart:5747:16)
#151    StatefulElement.performRebuild (package:flutter/src/widgets/framework.dart:5884:11)
#152    Element.rebuild (package:flutter/src/widgets/framework.dart:5435:7)
#153    StatefulElement.update (package:flutter/src/widgets/framework.dart:5909:5)
#154    Element.updateChild (package:flutter/src/widgets/framework.dart:3982:15)
#155    ComponentElement.performRebuild (package:flutter/src/widgets/framework.dart:5747:16)
#156    StatefulElement.performRebuild (package:flutter/src/widgets/framework.dart:5884:11)
#157    Element.rebuild (package:flutter/src/widgets/framework.dart:5435:7)
#158    StatefulElement.update (package:flutter/src/widgets/framework.dart:5909:5)
#159    Element.updateChild (package:flutter/src/widgets/framework.dart:3982:15)
#160    ComponentElement.performRebuild (package:flutter/src/widgets/framework.dart:5747:16)
#161    Element.rebuild (package:flutter/src/widgets/framework.dart:5435:7)
#162    ProxyElement.update (package:flutter/src/widgets/framework.dart:6051:5)
#163    Element.updateChild (package:flutter/src/widgets/framework.dart:3982:15)
#164    ComponentElement.performRebuild (package:flutter/src/widgets/framework.dart:5747:16)
#165    StatefulElement.performRebuild (package:flutter/src/widgets/framework.dart:5884:11)
#166    Element.rebuild (package:flutter/src/widgets/framework.dart:5435:7)
#167    StatefulElement.update (package:flutter/src/widgets/framework.dart:5909:5)
#168    Element.updateChild (package:flutter/src/widgets/framework.dart:3982:15)
#169    SingleChildRenderObjectElement.update (package:flutter/src/widgets/framework.dart:7025:14)
#170    Element.updateChild (package:flutter/src/widgets/framework.dart:3982:15)
#171    ComponentElement.performRebuild (package:flutter/src/widgets/framework.dart:5747:16)
#172    Element.rebuild (package:flutter/src/widgets/framework.dart:5435:7)
#173    ProxyElement.update (package:flutter/src/widgets/framework.dart:6051:5)
#174    Element.updateChild (package:flutter/src/widgets/framework.dart:3982:15)
#175    SingleChildRenderObjectElement.update (package:flutter/src/widgets/framework.dart:7025:14)
#176    Element.updateChild (package:flutter/src/widgets/framework.dart:3982:15)
#177    ComponentElement.performRebuild (package:flutter/src/widgets/framework.dart:5747:16)
#178    StatefulElement.performRebuild (package:flutter/src/widgets/framework.dart:5884:11)
#179    Element.rebuild (package:flutter/src/widgets/framework.dart:5435:7)
#180    StatefulElement.update (package:flutter/src/widgets/framework.dart:5909:5)
#181    Element.updateChild (package:flutter/src/widgets/framework.dart:3982:15)
#182    ComponentElement.performRebuild (package:flutter/src/widgets/framework.dart:5747:16)
#183    StatefulElement.performRebuild (package:flutter/src/widgets/framework.dart:5884:11)
#184    Element.rebuild (package:flutter/src/widgets/framework.dart:5435:7)
#185    StatefulElement.update (package:flutter/src/widgets/framework.dart:5909:5)
#186    Element.updateChild (package:flutter/src/widgets/framework.dart:3982:15)
#187    ComponentElement.performRebuild (package:flutter/src/widgets/framework.dart:5747:16)
#188    Element.rebuild (package:flutter/src/widgets/framework.dart:5435:7)
#189    ProxyElement.update (package:flutter/src/widgets/framework.dart:6051:5)
#190    Element.updateChild (package:flutter/src/widgets/framework.dart:3982:15)
#191    ComponentElement.performRebuild (package:flutter/src/widgets/framework.dart:5747:16)
#192    Element.rebuild (package:flutter/src/widgets/framework.dart:5435:7)
#193    ProxyElement.update (package:flutter/src/widgets/framework.dart:6051:5)
#194    Element.updateChild (package:flutter/src/widgets/framework.dart:3982:15)
#195    ComponentElement.performRebuild (package:flutter/src/widgets/framework.dart:5747:16)
#196    Element.rebuild (package:flutter/src/widgets/framework.dart:5435:7)
#197    ProxyElement.update (package:flutter/src/widgets/framework.dart:6051:5)
#198    Element.updateChild (package:flutter/src/widgets/framework.dart:3982:15)
#199    ComponentElement.performRebuild (package:flutter/src/widgets/framework.dart:5747:16)
#200    StatefulElement.performRebuild (package:flutter/src/widgets/framework.dart:5884:11)
#201    Element.rebuild (package:flutter/src/widgets/framework.dart:5435:7)
#202    StatefulElement.update (package:flutter/src/widgets/framework.dart:5909:5)
#203    Element.updateChild (package:flutter/src/widgets/framework.dart:3982:15)
#204    ComponentElement.performRebuild (package:flutter/src/widgets/framework.dart:5747:16)
#205    Element.rebuild (package:flutter/src/widgets/framework.dart:5435:7)
#206    ProxyElement.update (package:flutter/src/widgets/framework.dart:6051:5)
#207    Element.updateChild (package:flutter/src/widgets/framework.dart:3982:15)
#208    ComponentElement.performRebuild (package:flutter/src/widgets/framework.dart:5747:16)
#209    StatefulElement.performRebuild (package:flutter/src/widgets/framework.dart:5884:11)
#210    Element.rebuild (package:flutter/src/widgets/framework.dart:5435:7)
#211    StatefulElement.update (package:flutter/src/widgets/framework.dart:5909:5)
#212    Element.updateChild (package:flutter/src/widgets/framework.dart:3982:15)
#213    ComponentElement.performRebuild (package:flutter/src/widgets/framework.dart:5747:16)
#214    StatefulElement.performRebuild (package:flutter/src/widgets/framework.dart:5884:11)
#215    Element.rebuild (package:flutter/src/widgets/framework.dart:5435:7)
#216    BuildScope._tryRebuild (package:flutter/src/widgets/framework.dart:2695:15)
#217    BuildScope._flushDirtyElements (package:flutter/src/widgets/framework.dart:2752:11)
#218    BuildOwner.buildScope (package:flutter/src/widgets/framework.dart:3056:18)
#219    WidgetsBinding.drawFrame (package:flutter/src/widgets/binding.dart:1259:21)
#220    RendererBinding._handlePersistentFrameCallback (package:flutter/src/rendering/binding.dart:495:5)
#221    SchedulerBinding._invokeFrameCallback (package:flutter/src/scheduler/binding.dart:1434:15)
#222    SchedulerBinding.handleDrawFrame (package:flutter/src/scheduler/binding.dart:1347:9)
#223    SchedulerBinding._handleDrawFrame (package:flutter/src/scheduler/binding.dart:1200:5)
#224    _invoke (dart:ui/hooks.dart:330:13)
#225    PlatformDispatcher._drawFrame (dart:ui/platform_dispatcher.dart:444:5)
#226    _drawFrame (dart:ui/hooks.dart:302:31)
====================================================================================================

======== Exception caught by widgets library =======================================================
The following LocaleDataException was thrown building CalendarPage:
Locale data has not been initialized, call initializeDateFormatting(<locale>).

The relevant error-causing widget was: 
  CalendarPage CalendarPage:file:///Users/linkdrake/.pub-cache/hosted/pub.dev/table_calendar-3.1.3/lib/src/widgets/calendar_core.dart:75:16
When the exception was thrown, this was the stack: 
#0      UninitializedLocaleData._throwException (package:intl/src/intl_helpers.dart:80:5)
#1      UninitializedLocaleData.containsKey (package:intl/src/intl_helpers.dart:74:7)
#2      DateFormat.localeExists (package:intl/src/intl/date_format.dart:902:28)
#3      verifiedLocale (package:intl/src/intl_helpers.dart:185:19)
#4      new DateFormat (package:intl/src/intl/date_format.dart:267:27)
#5      new DateFormat.E (package:intl/src/intl/date_format.dart:527:28)
#6      _TableCalendarState.build.<anonymous closure> (package:table_calendar/src/table_calendar.dart:541:32)
#7      CalendarCore.build.<anonymous closure>.<anonymous closure> (package:table_calendar/src/widgets/calendar_core.dart:85:34)
#8      CalendarPage._buildDaysOfWeek.<anonymous closure> (package:table_calendar/src/widgets/calendar_page.dart:78:31)
#9      new _GrowableList.generate (dart:core-patch/growable_array.dart:140:28)
#10     CalendarPage._buildDaysOfWeek (package:table_calendar/src/widgets/calendar_page.dart:76:22)
#11     CalendarPage.build (package:table_calendar/src/widgets/calendar_page.dart:47:33)
#12     StatelessElement.build (package:flutter/src/widgets/framework.dart:5791:49)
#13     ComponentElement.performRebuild (package:flutter/src/widgets/framework.dart:5723:15)
#14     Element.rebuild (package:flutter/src/widgets/framework.dart:5435:7)
#15     StatelessElement.update (package:flutter/src/widgets/framework.dart:5797:5)
#16     Element.updateChild (package:flutter/src/widgets/framework.dart:3982:15)
#17     SingleChildRenderObjectElement.update (package:flutter/src/widgets/framework.dart:7025:14)
#18     Element.updateChild (package:flutter/src/widgets/framework.dart:3982:15)
#19     SingleChildRenderObjectElement.update (package:flutter/src/widgets/framework.dart:7025:14)
#20     Element.updateChild (package:flutter/src/widgets/framework.dart:3982:15)
#21     ComponentElement.performRebuild (package:flutter/src/widgets/framework.dart:5747:16)
#22     StatefulElement.performRebuild (package:flutter/src/widgets/framework.dart:5884:11)
#23     Element.rebuild (package:flutter/src/widgets/framework.dart:5435:7)
#24     StatefulElement.update (package:flutter/src/widgets/framework.dart:5909:5)
#25     Element.updateChild (package:flutter/src/widgets/framework.dart:3982:15)
#26     ComponentElement.performRebuild (package:flutter/src/widgets/framework.dart:5747:16)
#27     Element.rebuild (package:flutter/src/widgets/framework.dart:5435:7)
#28     ProxyElement.update (package:flutter/src/widgets/framework.dart:6051:5)
#29     Element.updateChild (package:flutter/src/widgets/framework.dart:3982:15)
#30     ComponentElement.performRebuild (package:flutter/src/widgets/framework.dart:5747:16)
#31     Element.rebuild (package:flutter/src/widgets/framework.dart:5435:7)
#32     ProxyElement.update (package:flutter/src/widgets/framework.dart:6051:5)
#33     Element.updateChild (package:flutter/src/widgets/framework.dart:3982:15)
#34     ComponentElement.performRebuild (package:flutter/src/widgets/framework.dart:5747:16)
#35     StatefulElement.performRebuild (package:flutter/src/widgets/framework.dart:5884:11)
#36     Element.rebuild (package:flutter/src/widgets/framework.dart:5435:7)
#37     StatefulElement.update (package:flutter/src/widgets/framework.dart:5909:5)
#38     Element.updateChild (package:flutter/src/widgets/framework.dart:3982:15)
#39     ComponentElement.performRebuild (package:flutter/src/widgets/framework.dart:5747:16)
#40     Element.rebuild (package:flutter/src/widgets/framework.dart:5435:7)
#41     StatelessElement.update (package:flutter/src/widgets/framework.dart:5797:5)
#42     Element.updateChild (package:flutter/src/widgets/framework.dart:3982:15)
#43     SliverMultiBoxAdaptorElement.updateChild (package:flutter/src/widgets/sliver.dart:1001:37)
#44     SliverMultiBoxAdaptorElement.performRebuild.processElement (package:flutter/src/widgets/sliver.dart:892:35)
#45     Iterable.forEach (dart:core/iterable.dart:366:35)
#46     SliverMultiBoxAdaptorElement.performRebuild (package:flutter/src/widgets/sliver.dart:946:24)
#47     SliverMultiBoxAdaptorElement.update (package:flutter/src/widgets/sliver.dart:868:7)
#48     Element.updateChild (package:flutter/src/widgets/framework.dart:3982:15)
#49     SingleChildRenderObjectElement.update (package:flutter/src/widgets/framework.dart:7025:14)
#50     Element.updateChild (package:flutter/src/widgets/framework.dart:3982:15)
#51     ComponentElement.performRebuild (package:flutter/src/widgets/framework.dart:5747:16)
#52     Element.rebuild (package:flutter/src/widgets/framework.dart:5435:7)
#53     StatelessElement.update (package:flutter/src/widgets/framework.dart:5797:5)
#54     Element.updateChild (package:flutter/src/widgets/framework.dart:3982:15)
#55     Element.updateChildren (package:flutter/src/widgets/framework.dart:4139:32)
#56     MultiChildRenderObjectElement.update (package:flutter/src/widgets/framework.dart:7202:17)
#57     _ViewportElement.update (package:flutter/src/widgets/viewport.dart:264:11)
#58     Element.updateChild (package:flutter/src/widgets/framework.dart:3982:15)
#59     SingleChildRenderObjectElement.update (package:flutter/src/widgets/framework.dart:7025:14)
#60     Element.updateChild (package:flutter/src/widgets/framework.dart:3982:15)
#61     SingleChildRenderObjectElement.update (package:flutter/src/widgets/framework.dart:7025:14)
#62     Element.updateChild (package:flutter/src/widgets/framework.dart:3982:15)
#63     SingleChildRenderObjectElement.update (package:flutter/src/widgets/framework.dart:7025:14)
#64     Element.updateChild (package:flutter/src/widgets/framework.dart:3982:15)
#65     SingleChildRenderObjectElement.update (package:flutter/src/widgets/framework.dart:7025:14)
#66     Element.updateChild (package:flutter/src/widgets/framework.dart:3982:15)
#67     ComponentElement.performRebuild (package:flutter/src/widgets/framework.dart:5747:16)
#68     StatefulElement.performRebuild (package:flutter/src/widgets/framework.dart:5884:11)
#69     Element.rebuild (package:flutter/src/widgets/framework.dart:5435:7)
#70     StatefulElement.update (package:flutter/src/widgets/framework.dart:5909:5)
#71     Element.updateChild (package:flutter/src/widgets/framework.dart:3982:15)
#72     SingleChildRenderObjectElement.update (package:flutter/src/widgets/framework.dart:7025:14)
#73     Element.updateChild (package:flutter/src/widgets/framework.dart:3982:15)
#74     ComponentElement.performRebuild (package:flutter/src/widgets/framework.dart:5747:16)
#75     Element.rebuild (package:flutter/src/widgets/framework.dart:5435:7)
#76     ProxyElement.update (package:flutter/src/widgets/framework.dart:6051:5)
#77     Element.updateChild (package:flutter/src/widgets/framework.dart:3982:15)
#78     SingleChildRenderObjectElement.update (package:flutter/src/widgets/framework.dart:7025:14)
#79     Element.updateChild (package:flutter/src/widgets/framework.dart:3982:15)
#80     ComponentElement.performRebuild (package:flutter/src/widgets/framework.dart:5747:16)
#81     Element.rebuild (package:flutter/src/widgets/framework.dart:5435:7)
#82     ProxyElement.update (package:flutter/src/widgets/framework.dart:6051:5)
#83     Element.updateChild (package:flutter/src/widgets/framework.dart:3982:15)
#84     ComponentElement.performRebuild (package:flutter/src/widgets/framework.dart:5747:16)
#85     StatefulElement.performRebuild (package:flutter/src/widgets/framework.dart:5884:11)
#86     Element.rebuild (package:flutter/src/widgets/framework.dart:5435:7)
#87     StatefulElement.update (package:flutter/src/widgets/framework.dart:5909:5)
#88     Element.updateChild (package:flutter/src/widgets/framework.dart:3982:15)
#89     ComponentElement.performRebuild (package:flutter/src/widgets/framework.dart:5747:16)
#90     Element.rebuild (package:flutter/src/widgets/framework.dart:5435:7)
#91     ProxyElement.update (package:flutter/src/widgets/framework.dart:6051:5)
#92     Element.updateChild (package:flutter/src/widgets/framework.dart:3982:15)
#93     ComponentElement.performRebuild (package:flutter/src/widgets/framework.dart:5747:16)
#94     StatefulElement.performRebuild (package:flutter/src/widgets/framework.dart:5884:11)
#95     Element.rebuild (package:flutter/src/widgets/framework.dart:5435:7)
#96     StatefulElement.update (package:flutter/src/widgets/framework.dart:5909:5)
#97     Element.updateChild (package:flutter/src/widgets/framework.dart:3982:15)
#98     ComponentElement.performRebuild (package:flutter/src/widgets/framework.dart:5747:16)
#99     Element.rebuild (package:flutter/src/widgets/framework.dart:5435:7)
#100    StatelessElement.update (package:flutter/src/widgets/framework.dart:5797:5)
#101    Element.updateChild (package:flutter/src/widgets/framework.dart:3982:15)
#102    SingleChildRenderObjectElement.update (package:flutter/src/widgets/framework.dart:7025:14)
#103    Element.updateChild (package:flutter/src/widgets/framework.dart:3982:15)
#104    SingleChildRenderObjectElement.update (package:flutter/src/widgets/framework.dart:7025:14)
#105    Element.updateChild (package:flutter/src/widgets/framework.dart:3982:15)
#106    ComponentElement.performRebuild (package:flutter/src/widgets/framework.dart:5747:16)
#107    StatefulElement.performRebuild (package:flutter/src/widgets/framework.dart:5884:11)
#108    Element.rebuild (package:flutter/src/widgets/framework.dart:5435:7)
#109    StatefulElement.update (package:flutter/src/widgets/framework.dart:5909:5)
#110    Element.updateChild (package:flutter/src/widgets/framework.dart:3982:15)
#111    ComponentElement.performRebuild (package:flutter/src/widgets/framework.dart:5747:16)
#112    StatefulElement.performRebuild (package:flutter/src/widgets/framework.dart:5884:11)
#113    Element.rebuild (package:flutter/src/widgets/framework.dart:5435:7)
#114    StatefulElement.update (package:flutter/src/widgets/framework.dart:5909:5)
#115    Element.updateChild (package:flutter/src/widgets/framework.dart:3982:15)
#116    SingleChildRenderObjectElement.update (package:flutter/src/widgets/framework.dart:7025:14)
#117    Element.updateChild (package:flutter/src/widgets/framework.dart:3982:15)
#118    SingleChildRenderObjectElement.update (package:flutter/src/widgets/framework.dart:7025:14)
#119    Element.updateChild (package:flutter/src/widgets/framework.dart:3982:15)
#120    ComponentElement.performRebuild (package:flutter/src/widgets/framework.dart:5747:16)
#121    StatefulElement.performRebuild (package:flutter/src/widgets/framework.dart:5884:11)
#122    Element.rebuild (package:flutter/src/widgets/framework.dart:5435:7)
#123    StatefulElement.update (package:flutter/src/widgets/framework.dart:5909:5)
#124    Element.updateChild (package:flutter/src/widgets/framework.dart:3982:15)
#125    ComponentElement.performRebuild (package:flutter/src/widgets/framework.dart:5747:16)
#126    Element.rebuild (package:flutter/src/widgets/framework.dart:5435:7)
#127    StatelessElement.update (package:flutter/src/widgets/framework.dart:5797:5)
#128    Element.updateChild (package:flutter/src/widgets/framework.dart:3982:15)
#129    ComponentElement.performRebuild (package:flutter/src/widgets/framework.dart:5747:16)
#130    StatefulElement.performRebuild (package:flutter/src/widgets/framework.dart:5884:11)
#131    Element.rebuild (package:flutter/src/widgets/framework.dart:5435:7)
#132    StatefulElement.update (package:flutter/src/widgets/framework.dart:5909:5)
#133    Element.updateChild (package:flutter/src/widgets/framework.dart:3982:15)
#134    _LayoutBuilderElement._rebuildWithConstraints.updateChildCallback (package:flutter/src/widgets/layout_builder.dart:248:18)
#135    BuildOwner.buildScope (package:flutter/src/widgets/framework.dart:3046:19)
#136    _LayoutBuilderElement._rebuildWithConstraints (package:flutter/src/widgets/layout_builder.dart:271:12)
#137    RenderAbstractLayoutBuilderMixin.layoutCallback (package:flutter/src/widgets/layout_builder.dart:334:38)
#138    RenderObjectWithLayoutCallbackMixin.runLayoutCallback.<anonymous closure> (package:flutter/src/rendering/object.dart:4156:33)
#139    RenderObject.invokeLayoutCallback.<anonymous closure> (package:flutter/src/rendering/object.dart:2881:17)
#140    PipelineOwner._enableMutationsToDirtySubtrees (package:flutter/src/rendering/object.dart:1206:15)
#141    RenderObject.invokeLayoutCallback (package:flutter/src/rendering/object.dart:2880:14)
#142    RenderObjectWithLayoutCallbackMixin.runLayoutCallback (package:flutter/src/rendering/object.dart:4156:5)
#143    _RenderLayoutBuilder.performLayout (package:flutter/src/widgets/layout_builder.dart:448:5)
#144    RenderObject.layout (package:flutter/src/rendering/object.dart:2762:7)
#145    ChildLayoutHelper.layoutChild (package:flutter/src/rendering/layout_helper.dart:62:11)
#146    RenderFlex._computeSizes (package:flutter/src/rendering/flex.dart:1161:28)
#147    RenderFlex.performLayout (package:flutter/src/rendering/flex.dart:1257:32)
#148    RenderObject.layout (package:flutter/src/rendering/object.dart:2762:7)
#149    RenderPadding.performLayout (package:flutter/src/rendering/shifted_box.dart:243:12)
#150    RenderObject.layout (package:flutter/src/rendering/object.dart:2762:7)
#151    RenderProxyBoxMixin.performLayout (package:flutter/src/rendering/proxy_box.dart:115:18)
#152    RenderObject.layout (package:flutter/src/rendering/object.dart:2762:7)
#153    RenderPadding.performLayout (package:flutter/src/rendering/shifted_box.dart:243:12)
#154    RenderObject.layout (package:flutter/src/rendering/object.dart:2762:7)
#155    RenderSliverToBoxAdapter.performLayout (package:flutter/src/rendering/sliver.dart:2041:12)
#156    RenderObject.layout (package:flutter/src/rendering/object.dart:2762:7)
#157    RenderViewportBase.layoutChildSequence (package:flutter/src/rendering/viewport.dart:673:13)
#158    RenderViewport._attemptLayout (package:flutter/src/rendering/viewport.dart:1684:12)
#159    RenderViewport.performLayout (package:flutter/src/rendering/viewport.dart:1575:20)
#160    RenderObject._layoutWithoutResize (package:flutter/src/rendering/object.dart:2610:7)
#161    PipelineOwner.flushLayout (package:flutter/src/rendering/object.dart:1157:18)
#162    PipelineOwner.flushLayout (package:flutter/src/rendering/object.dart:1170:15)
#163    RendererBinding.drawFrame (package:flutter/src/rendering/binding.dart:629:23)
#164    WidgetsBinding.drawFrame (package:flutter/src/widgets/binding.dart:1261:13)
#165    RendererBinding._handlePersistentFrameCallback (package:flutter/src/rendering/binding.dart:495:5)
#166    SchedulerBinding._invokeFrameCallback (package:flutter/src/scheduler/binding.dart:1434:15)
#167    SchedulerBinding.handleDrawFrame (package:flutter/src/scheduler/binding.dart:1347:9)
#168    SchedulerBinding._handleDrawFrame (package:flutter/src/scheduler/binding.dart:1200:5)
#169    _invoke (dart:ui/hooks.dart:330:13)
#170    PlatformDispatcher._drawFrame (dart:ui/platform_dispatcher.dart:444:5)
#171    _drawFrame (dart:ui/hooks.dart:302:31)
====================================================================================================
flutter: 响应状态: 200
flutter: 查询成功，共 0 条记录
flutter: 加载成功，共 0 条记录

======== Exception caught by widgets library =======================================================
The following LocaleDataException was thrown building CalendarHeader:
Locale data has not been initialized, call initializeDateFormatting(<locale>).

The relevant error-causing widget was: 
  CalendarHeader CalendarHeader:file:///Users/linkdrake/.pub-cache/hosted/pub.dev/table_calendar-3.1.3/lib/src/table_calendar.dart:461:22
When the exception was thrown, this was the stack: 
#0      UninitializedLocaleData._throwException (package:intl/src/intl_helpers.dart:80:5)
#1      UninitializedLocaleData.containsKey (package:intl/src/intl_helpers.dart:74:7)
#2      DateFormat.localeExists (package:intl/src/intl/date_format.dart:902:28)
#3      verifiedLocale (package:intl/src/intl_helpers.dart:185:19)
#4      new DateFormat (package:intl/src/intl/date_format.dart:267:27)
#5      new DateFormat.yMMMM (package:intl/src/intl/date_format.dart:550:32)
#6      CalendarHeader.build (package:table_calendar/src/widgets/calendar_header.dart:43:20)
#7      StatelessElement.build (package:flutter/src/widgets/framework.dart:5791:49)
#8      ComponentElement.performRebuild (package:flutter/src/widgets/framework.dart:5723:15)
#9      Element.rebuild (package:flutter/src/widgets/framework.dart:5435:7)
#10     StatelessElement.update (package:flutter/src/widgets/framework.dart:5797:5)
#11     Element.updateChild (package:flutter/src/widgets/framework.dart:3982:15)
#12     ComponentElement.performRebuild (package:flutter/src/widgets/framework.dart:5747:16)
#13     StatefulElement.performRebuild (package:flutter/src/widgets/framework.dart:5884:11)
#14     Element.rebuild (package:flutter/src/widgets/framework.dart:5435:7)
#15     StatefulElement.update (package:flutter/src/widgets/framework.dart:5909:5)
#16     Element.updateChild (package:flutter/src/widgets/framework.dart:3982:15)
#17     Element.updateChildren (package:flutter/src/widgets/framework.dart:4139:32)
#18     MultiChildRenderObjectElement.update (package:flutter/src/widgets/framework.dart:7202:17)
#19     Element.updateChild (package:flutter/src/widgets/framework.dart:3982:15)
#20     ComponentElement.performRebuild (package:flutter/src/widgets/framework.dart:5747:16)
#21     StatefulElement.performRebuild (package:flutter/src/widgets/framework.dart:5884:11)
#22     Element.rebuild (package:flutter/src/widgets/framework.dart:5435:7)
#23     StatefulElement.update (package:flutter/src/widgets/framework.dart:5909:5)
#24     Element.updateChild (package:flutter/src/widgets/framework.dart:3982:15)
#25     SingleChildRenderObjectElement.update (package:flutter/src/widgets/framework.dart:7025:14)
#26     Element.updateChild (package:flutter/src/widgets/framework.dart:3982:15)
#27     SingleChildRenderObjectElement.update (package:flutter/src/widgets/framework.dart:7025:14)
#28     Element.updateChild (package:flutter/src/widgets/framework.dart:3982:15)
#29     SingleChildRenderObjectElement.update (package:flutter/src/widgets/framework.dart:7025:14)
#30     Element.updateChild (package:flutter/src/widgets/framework.dart:3982:15)
#31     ComponentElement.performRebuild (package:flutter/src/widgets/framework.dart:5747:16)
#32     Element.rebuild (package:flutter/src/widgets/framework.dart:5435:7)
#33     StatelessElement.update (package:flutter/src/widgets/framework.dart:5797:5)
#34     Element.updateChild (package:flutter/src/widgets/framework.dart:3982:15)
#35     SingleChildRenderObjectElement.update (package:flutter/src/widgets/framework.dart:7025:14)
#36     Element.updateChild (package:flutter/src/widgets/framework.dart:3982:15)
#37     Element.updateChildren (package:flutter/src/widgets/framework.dart:4139:32)
#38     MultiChildRenderObjectElement.update (package:flutter/src/widgets/framework.dart:7202:17)
#39     _ViewportElement.update (package:flutter/src/widgets/viewport.dart:264:11)
#40     Element.updateChild (package:flutter/src/widgets/framework.dart:3982:15)
#41     SingleChildRenderObjectElement.update (package:flutter/src/widgets/framework.dart:7025:14)
#42     Element.updateChild (package:flutter/src/widgets/framework.dart:3982:15)
#43     SingleChildRenderObjectElement.update (package:flutter/src/widgets/framework.dart:7025:14)
#44     Element.updateChild (package:flutter/src/widgets/framework.dart:3982:15)
#45     SingleChildRenderObjectElement.update (package:flutter/src/widgets/framework.dart:7025:14)
#46     Element.updateChild (package:flutter/src/widgets/framework.dart:3982:15)
#47     SingleChildRenderObjectElement.update (package:flutter/src/widgets/framework.dart:7025:14)
#48     Element.updateChild (package:flutter/src/widgets/framework.dart:3982:15)
#49     ComponentElement.performRebuild (package:flutter/src/widgets/framework.dart:5747:16)
#50     StatefulElement.performRebuild (package:flutter/src/widgets/framework.dart:5884:11)
#51     Element.rebuild (package:flutter/src/widgets/framework.dart:5435:7)
#52     StatefulElement.update (package:flutter/src/widgets/framework.dart:5909:5)
#53     Element.updateChild (package:flutter/src/widgets/framework.dart:3982:15)
#54     SingleChildRenderObjectElement.update (package:flutter/src/widgets/framework.dart:7025:14)
#55     Element.updateChild (package:flutter/src/widgets/framework.dart:3982:15)
#56     ComponentElement.performRebuild (package:flutter/src/widgets/framework.dart:5747:16)
#57     Element.rebuild (package:flutter/src/widgets/framework.dart:5435:7)
#58     ProxyElement.update (package:flutter/src/widgets/framework.dart:6051:5)
#59     Element.updateChild (package:flutter/src/widgets/framework.dart:3982:15)
#60     SingleChildRenderObjectElement.update (package:flutter/src/widgets/framework.dart:7025:14)
#61     Element.updateChild (package:flutter/src/widgets/framework.dart:3982:15)
#62     ComponentElement.performRebuild (package:flutter/src/widgets/framework.dart:5747:16)
#63     Element.rebuild (package:flutter/src/widgets/framework.dart:5435:7)
#64     ProxyElement.update (package:flutter/src/widgets/framework.dart:6051:5)
#65     Element.updateChild (package:flutter/src/widgets/framework.dart:3982:15)
#66     SingleChildRenderObjectElement.update (package:flutter/src/widgets/framework.dart:7025:14)
#67     Element.updateChild (package:flutter/src/widgets/framework.dart:3982:15)
#68     SingleChildRenderObjectElement.update (package:flutter/src/widgets/framework.dart:7025:14)
#69     Element.updateChild (package:flutter/src/widgets/framework.dart:3982:15)
#70     SingleChildRenderObjectElement.update (package:flutter/src/widgets/framework.dart:7025:14)
#71     Element.updateChild (package:flutter/src/widgets/framework.dart:3982:15)
#72     SingleChildRenderObjectElement.update (package:flutter/src/widgets/framework.dart:7025:14)
#73     Element.updateChild (package:flutter/src/widgets/framework.dart:3982:15)
#74     SingleChildRenderObjectElement.update (package:flutter/src/widgets/framework.dart:7025:14)
#75     Element.updateChild (package:flutter/src/widgets/framework.dart:3982:15)
#76     ComponentElement.performRebuild (package:flutter/src/widgets/framework.dart:5747:16)
#77     StatefulElement.performRebuild (package:flutter/src/widgets/framework.dart:5884:11)
#78     Element.rebuild (package:flutter/src/widgets/framework.dart:5435:7)
#79     StatefulElement.update (package:flutter/src/widgets/framework.dart:5909:5)
#80     Element.updateChild (package:flutter/src/widgets/framework.dart:3982:15)
#81     SingleChildRenderObjectElement.update (package:flutter/src/widgets/framework.dart:7025:14)
#82     Element.updateChild (package:flutter/src/widgets/framework.dart:3982:15)
#83     SingleChildRenderObjectElement.update (package:flutter/src/widgets/framework.dart:7025:14)
#84     Element.updateChild (package:flutter/src/widgets/framework.dart:3982:15)
#85     ComponentElement.performRebuild (package:flutter/src/widgets/framework.dart:5747:16)
#86     Element.rebuild (package:flutter/src/widgets/framework.dart:5435:7)
#87     ProxyElement.update (package:flutter/src/widgets/framework.dart:6051:5)
#88     Element.updateChild (package:flutter/src/widgets/framework.dart:3982:15)
#89     ComponentElement.performRebuild (package:flutter/src/widgets/framework.dart:5747:16)
#90     Element.rebuild (package:flutter/src/widgets/framework.dart:5435:7)
#91     ProxyElement.update (package:flutter/src/widgets/framework.dart:6051:5)
#92     Element.updateChild (package:flutter/src/widgets/framework.dart:3982:15)
#93     ComponentElement.performRebuild (package:flutter/src/widgets/framework.dart:5747:16)
#94     StatefulElement.performRebuild (package:flutter/src/widgets/framework.dart:5884:11)
#95     Element.rebuild (package:flutter/src/widgets/framework.dart:5435:7)
#96     StatefulElement.update (package:flutter/src/widgets/framework.dart:5909:5)
#97     Element.updateChild (package:flutter/src/widgets/framework.dart:3982:15)
#98     ComponentElement.performRebuild (package:flutter/src/widgets/framework.dart:5747:16)
#99     Element.rebuild (package:flutter/src/widgets/framework.dart:5435:7)
#100    StatelessElement.update (package:flutter/src/widgets/framework.dart:5797:5)
#101    Element.updateChild (package:flutter/src/widgets/framework.dart:3982:15)
#102    ComponentElement.performRebuild (package:flutter/src/widgets/framework.dart:5747:16)
#103    StatefulElement.performRebuild (package:flutter/src/widgets/framework.dart:5884:11)
#104    Element.rebuild (package:flutter/src/widgets/framework.dart:5435:7)
#105    StatefulElement.update (package:flutter/src/widgets/framework.dart:5909:5)
#106    Element.updateChild (package:flutter/src/widgets/framework.dart:3982:15)
#107    ComponentElement.performRebuild (package:flutter/src/widgets/framework.dart:5747:16)
#108    Element.rebuild (package:flutter/src/widgets/framework.dart:5435:7)
#109    StatelessElement.update (package:flutter/src/widgets/framework.dart:5797:5)
#110    Element.updateChild (package:flutter/src/widgets/framework.dart:3982:15)
#111    ComponentElement.performRebuild (package:flutter/src/widgets/framework.dart:5747:16)
#112    Element.rebuild (package:flutter/src/widgets/framework.dart:5435:7)
#113    ProxyElement.update (package:flutter/src/widgets/framework.dart:6051:5)
#114    Element.updateChild (package:flutter/src/widgets/framework.dart:3982:15)
#115    ComponentElement.performRebuild (package:flutter/src/widgets/framework.dart:5747:16)
#116    Element.rebuild (package:flutter/src/widgets/framework.dart:5435:7)
#117    ProxyElement.update (package:flutter/src/widgets/framework.dart:6051:5)
#118    Element.updateChild (package:flutter/src/widgets/framework.dart:3982:15)
#119    Element.updateChildren (package:flutter/src/widgets/framework.dart:4139:32)
#120    MultiChildRenderObjectElement.update (package:flutter/src/widgets/framework.dart:7202:17)
#121    Element.updateChild (package:flutter/src/widgets/framework.dart:3982:15)
#122    ComponentElement.performRebuild (package:flutter/src/widgets/framework.dart:5747:16)
#123    StatefulElement.performRebuild (package:flutter/src/widgets/framework.dart:5884:11)
#124    Element.rebuild (package:flutter/src/widgets/framework.dart:5435:7)
#125    StatefulElement.update (package:flutter/src/widgets/framework.dart:5909:5)
#126    Element.updateChild (package:flutter/src/widgets/framework.dart:3982:15)
#127    ComponentElement.performRebuild (package:flutter/src/widgets/framework.dart:5747:16)
#128    Element.rebuild (package:flutter/src/widgets/framework.dart:5435:7)
#129    StatelessElement.update (package:flutter/src/widgets/framework.dart:5797:5)
#130    Element.updateChild (package:flutter/src/widgets/framework.dart:3982:15)
#131    ComponentElement.performRebuild (package:flutter/src/widgets/framework.dart:5747:16)
#132    Element.rebuild (package:flutter/src/widgets/framework.dart:5435:7)
#133    StatelessElement.update (package:flutter/src/widgets/framework.dart:5797:5)
#134    Element.updateChild (package:flutter/src/widgets/framework.dart:3982:15)
#135    ComponentElement.performRebuild (package:flutter/src/widgets/framework.dart:5747:16)
#136    Element.rebuild (package:flutter/src/widgets/framework.dart:5435:7)
#137    ProxyElement.update (package:flutter/src/widgets/framework.dart:6051:5)
#138    Element.updateChild (package:flutter/src/widgets/framework.dart:3982:15)
#139    ComponentElement.performRebuild (package:flutter/src/widgets/framework.dart:5747:16)
#140    Element.rebuild (package:flutter/src/widgets/framework.dart:5435:7)
#141    ProxyElement.update (package:flutter/src/widgets/framework.dart:6051:5)
#142    Element.updateChild (package:flutter/src/widgets/framework.dart:3982:15)
#143    Element.updateChildren (package:flutter/src/widgets/framework.dart:4139:32)
#144    MultiChildRenderObjectElement.update (package:flutter/src/widgets/framework.dart:7202:17)
#145    Element.updateChild (package:flutter/src/widgets/framework.dart:3982:15)
#146    ComponentElement.performRebuild (package:flutter/src/widgets/framework.dart:5747:16)
#147    Element.rebuild (package:flutter/src/widgets/framework.dart:5435:7)
#148    ProxyElement.update (package:flutter/src/widgets/framework.dart:6051:5)
#149    Element.updateChild (package:flutter/src/widgets/framework.dart:3982:15)
#150    ComponentElement.performRebuild (package:flutter/src/widgets/framework.dart:5747:16)
#151    StatefulElement.performRebuild (package:flutter/src/widgets/framework.dart:5884:11)
#152    Element.rebuild (package:flutter/src/widgets/framework.dart:5435:7)
#153    StatefulElement.update (package:flutter/src/widgets/framework.dart:5909:5)
#154    Element.updateChild (package:flutter/src/widgets/framework.dart:3982:15)
#155    ComponentElement.performRebuild (package:flutter/src/widgets/framework.dart:5747:16)
#156    StatefulElement.performRebuild (package:flutter/src/widgets/framework.dart:5884:11)
#157    Element.rebuild (package:flutter/src/widgets/framework.dart:5435:7)
#158    StatefulElement.update (package:flutter/src/widgets/framework.dart:5909:5)
#159    Element.updateChild (package:flutter/src/widgets/framework.dart:3982:15)
#160    ComponentElement.performRebuild (package:flutter/src/widgets/framework.dart:5747:16)
#161    Element.rebuild (package:flutter/src/widgets/framework.dart:5435:7)
#162    ProxyElement.update (package:flutter/src/widgets/framework.dart:6051:5)
#163    Element.updateChild (package:flutter/src/widgets/framework.dart:3982:15)
#164    ComponentElement.performRebuild (package:flutter/src/widgets/framework.dart:5747:16)
#165    StatefulElement.performRebuild (package:flutter/src/widgets/framework.dart:5884:11)
#166    Element.rebuild (package:flutter/src/widgets/framework.dart:5435:7)
#167    StatefulElement.update (package:flutter/src/widgets/framework.dart:5909:5)
#168    Element.updateChild (package:flutter/src/widgets/framework.dart:3982:15)
#169    SingleChildRenderObjectElement.update (package:flutter/src/widgets/framework.dart:7025:14)
#170    Element.updateChild (package:flutter/src/widgets/framework.dart:3982:15)
#171    ComponentElement.performRebuild (package:flutter/src/widgets/framework.dart:5747:16)
#172    Element.rebuild (package:flutter/src/widgets/framework.dart:5435:7)
#173    ProxyElement.update (package:flutter/src/widgets/framework.dart:6051:5)
#174    Element.updateChild (package:flutter/src/widgets/framework.dart:3982:15)
#175    SingleChildRenderObjectElement.update (package:flutter/src/widgets/framework.dart:7025:14)
#176    Element.updateChild (package:flutter/src/widgets/framework.dart:3982:15)
#177    ComponentElement.performRebuild (package:flutter/src/widgets/framework.dart:5747:16)
#178    StatefulElement.performRebuild (package:flutter/src/widgets/framework.dart:5884:11)
#179    Element.rebuild (package:flutter/src/widgets/framework.dart:5435:7)
#180    StatefulElement.update (package:flutter/src/widgets/framework.dart:5909:5)
#181    Element.updateChild (package:flutter/src/widgets/framework.dart:3982:15)
#182    ComponentElement.performRebuild (package:flutter/src/widgets/framework.dart:5747:16)
#183    StatefulElement.performRebuild (package:flutter/src/widgets/framework.dart:5884:11)
#184    Element.rebuild (package:flutter/src/widgets/framework.dart:5435:7)
#185    StatefulElement.update (package:flutter/src/widgets/framework.dart:5909:5)
#186    Element.updateChild (package:flutter/src/widgets/framework.dart:3982:15)
#187    ComponentElement.performRebuild (package:flutter/src/widgets/framework.dart:5747:16)
#188    Element.rebuild (package:flutter/src/widgets/framework.dart:5435:7)
#189    ProxyElement.update (package:flutter/src/widgets/framework.dart:6051:5)
#190    Element.updateChild (package:flutter/src/widgets/framework.dart:3982:15)
#191    ComponentElement.performRebuild (package:flutter/src/widgets/framework.dart:5747:16)
#192    Element.rebuild (package:flutter/src/widgets/framework.dart:5435:7)
#193    ProxyElement.update (package:flutter/src/widgets/framework.dart:6051:5)
#194    Element.updateChild (package:flutter/src/widgets/framework.dart:3982:15)
#195    ComponentElement.performRebuild (package:flutter/src/widgets/framework.dart:5747:16)
#196    Element.rebuild (package:flutter/src/widgets/framework.dart:5435:7)
#197    ProxyElement.update (package:flutter/src/widgets/framework.dart:6051:5)
#198    Element.updateChild (package:flutter/src/widgets/framework.dart:3982:15)
#199    ComponentElement.performRebuild (package:flutter/src/widgets/framework.dart:5747:16)
#200    StatefulElement.performRebuild (package:flutter/src/widgets/framework.dart:5884:11)
#201    Element.rebuild (package:flutter/src/widgets/framework.dart:5435:7)
#202    StatefulElement.update (package:flutter/src/widgets/framework.dart:5909:5)
#203    Element.updateChild (package:flutter/src/widgets/framework.dart:3982:15)
#204    ComponentElement.performRebuild (package:flutter/src/widgets/framework.dart:5747:16)
#205    Element.rebuild (package:flutter/src/widgets/framework.dart:5435:7)
#206    ProxyElement.update (package:flutter/src/widgets/framework.dart:6051:5)
#207    Element.updateChild (package:flutter/src/widgets/framework.dart:3982:15)
#208    ComponentElement.performRebuild (package:flutter/src/widgets/framework.dart:5747:16)
#209    StatefulElement.performRebuild (package:flutter/src/widgets/framework.dart:5884:11)
#210    Element.rebuild (package:flutter/src/widgets/framework.dart:5435:7)
#211    StatefulElement.update (package:flutter/src/widgets/framework.dart:5909:5)
#212    Element.updateChild (package:flutter/src/widgets/framework.dart:3982:15)
#213    ComponentElement.performRebuild (package:flutter/src/widgets/framework.dart:5747:16)
#214    StatefulElement.performRebuild (package:flutter/src/widgets/framework.dart:5884:11)
#215    Element.rebuild (package:flutter/src/widgets/framework.dart:5435:7)
#216    BuildScope._tryRebuild (package:flutter/src/widgets/framework.dart:2695:15)
#217    BuildScope._flushDirtyElements (package:flutter/src/widgets/framework.dart:2752:11)
#218    BuildOwner.buildScope (package:flutter/src/widgets/framework.dart:3056:18)
#219    WidgetsBinding.drawFrame (package:flutter/src/widgets/binding.dart:1259:21)
#220    RendererBinding._handlePersistentFrameCallback (package:flutter/src/rendering/binding.dart:495:5)
#221    SchedulerBinding._invokeFrameCallback (package:flutter/src/scheduler/binding.dart:1434:15)
#222    SchedulerBinding.handleDrawFrame (package:flutter/src/scheduler/binding.dart:1347:9)
#223    SchedulerBinding._handleDrawFrame (package:flutter/src/scheduler/binding.dart:1200:5)
#224    _invoke (dart:ui/hooks.dart:330:13)
#225    PlatformDispatcher._drawFrame (dart:ui/platform_dispatcher.dart:444:5)
#226    _drawFrame (dart:ui/hooks.dart:302:31)
====================================================================================================

======== Exception caught by widgets library =======================================================
The following LocaleDataException was thrown building CalendarPage:
Locale data has not been initialized, call initializeDateFormatting(<locale>).

The relevant error-causing widget was: 
  CalendarPage CalendarPage:file:///Users/linkdrake/.pub-cache/hosted/pub.dev/table_calendar-3.1.3/lib/src/widgets/calendar_core.dart:75:16
When the exception was thrown, this was the stack: 
#0      UninitializedLocaleData._throwException (package:intl/src/intl_helpers.dart:80:5)
#1      UninitializedLocaleData.containsKey (package:intl/src/intl_helpers.dart:74:7)
#2      DateFormat.localeExists (package:intl/src/intl/date_format.dart:902:28)
#3      verifiedLocale (package:intl/src/intl_helpers.dart:185:19)
#4      new DateFormat (package:intl/src/intl/date_format.dart:267:27)
#5      new DateFormat.E (package:intl/src/intl/date_format.dart:527:28)
#6      _TableCalendarState.build.<anonymous closure> (package:table_calendar/src/table_calendar.dart:541:32)
#7      CalendarCore.build.<anonymous closure>.<anonymous closure> (package:table_calendar/src/widgets/calendar_core.dart:85:34)
#8      CalendarPage._buildDaysOfWeek.<anonymous closure> (package:table_calendar/src/widgets/calendar_page.dart:78:31)
#9      new _GrowableList.generate (dart:core-patch/growable_array.dart:140:28)
#10     CalendarPage._buildDaysOfWeek (package:table_calendar/src/widgets/calendar_page.dart:76:22)
#11     CalendarPage.build (package:table_calendar/src/widgets/calendar_page.dart:47:33)
#12     StatelessElement.build (package:flutter/src/widgets/framework.dart:5791:49)
#13     ComponentElement.performRebuild (package:flutter/src/widgets/framework.dart:5723:15)
#14     Element.rebuild (package:flutter/src/widgets/framework.dart:5435:7)
#15     StatelessElement.update (package:flutter/src/widgets/framework.dart:5797:5)
#16     Element.updateChild (package:flutter/src/widgets/framework.dart:3982:15)
#17     SingleChildRenderObjectElement.update (package:flutter/src/widgets/framework.dart:7025:14)
#18     Element.updateChild (package:flutter/src/widgets/framework.dart:3982:15)
#19     SingleChildRenderObjectElement.update (package:flutter/src/widgets/framework.dart:7025:14)
#20     Element.updateChild (package:flutter/src/widgets/framework.dart:3982:15)
#21     ComponentElement.performRebuild (package:flutter/src/widgets/framework.dart:5747:16)
#22     StatefulElement.performRebuild (package:flutter/src/widgets/framework.dart:5884:11)
#23     Element.rebuild (package:flutter/src/widgets/framework.dart:5435:7)
#24     StatefulElement.update (package:flutter/src/widgets/framework.dart:5909:5)
#25     Element.updateChild (package:flutter/src/widgets/framework.dart:3982:15)
#26     ComponentElement.performRebuild (package:flutter/src/widgets/framework.dart:5747:16)
#27     Element.rebuild (package:flutter/src/widgets/framework.dart:5435:7)
#28     ProxyElement.update (package:flutter/src/widgets/framework.dart:6051:5)
#29     Element.updateChild (package:flutter/src/widgets/framework.dart:3982:15)
#30     ComponentElement.performRebuild (package:flutter/src/widgets/framework.dart:5747:16)
#31     Element.rebuild (package:flutter/src/widgets/framework.dart:5435:7)
#32     ProxyElement.update (package:flutter/src/widgets/framework.dart:6051:5)
#33     Element.updateChild (package:flutter/src/widgets/framework.dart:3982:15)
#34     ComponentElement.performRebuild (package:flutter/src/widgets/framework.dart:5747:16)
#35     StatefulElement.performRebuild (package:flutter/src/widgets/framework.dart:5884:11)
#36     Element.rebuild (package:flutter/src/widgets/framework.dart:5435:7)
#37     StatefulElement.update (package:flutter/src/widgets/framework.dart:5909:5)
#38     Element.updateChild (package:flutter/src/widgets/framework.dart:3982:15)
#39     ComponentElement.performRebuild (package:flutter/src/widgets/framework.dart:5747:16)
#40     Element.rebuild (package:flutter/src/widgets/framework.dart:5435:7)
#41     StatelessElement.update (package:flutter/src/widgets/framework.dart:5797:5)
#42     Element.updateChild (package:flutter/src/widgets/framework.dart:3982:15)
#43     SliverMultiBoxAdaptorElement.updateChild (package:flutter/src/widgets/sliver.dart:1001:37)
#44     SliverMultiBoxAdaptorElement.performRebuild.processElement (package:flutter/src/widgets/sliver.dart:892:35)
#45     Iterable.forEach (dart:core/iterable.dart:366:35)
#46     SliverMultiBoxAdaptorElement.performRebuild (package:flutter/src/widgets/sliver.dart:946:24)
#47     SliverMultiBoxAdaptorElement.update (package:flutter/src/widgets/sliver.dart:868:7)
#48     Element.updateChild (package:flutter/src/widgets/framework.dart:3982:15)
#49     SingleChildRenderObjectElement.update (package:flutter/src/widgets/framework.dart:7025:14)
#50     Element.updateChild (package:flutter/src/widgets/framework.dart:3982:15)
#51     ComponentElement.performRebuild (package:flutter/src/widgets/framework.dart:5747:16)
#52     Element.rebuild (package:flutter/src/widgets/framework.dart:5435:7)
#53     StatelessElement.update (package:flutter/src/widgets/framework.dart:5797:5)
#54     Element.updateChild (package:flutter/src/widgets/framework.dart:3982:15)
#55     Element.updateChildren (package:flutter/src/widgets/framework.dart:4139:32)
#56     MultiChildRenderObjectElement.update (package:flutter/src/widgets/framework.dart:7202:17)
#57     _ViewportElement.update (package:flutter/src/widgets/viewport.dart:264:11)
#58     Element.updateChild (package:flutter/src/widgets/framework.dart:3982:15)
#59     SingleChildRenderObjectElement.update (package:flutter/src/widgets/framework.dart:7025:14)
#60     Element.updateChild (package:flutter/src/widgets/framework.dart:3982:15)
#61     SingleChildRenderObjectElement.update (package:flutter/src/widgets/framework.dart:7025:14)
#62     Element.updateChild (package:flutter/src/widgets/framework.dart:3982:15)
#63     SingleChildRenderObjectElement.update (package:flutter/src/widgets/framework.dart:7025:14)
#64     Element.updateChild (package:flutter/src/widgets/framework.dart:3982:15)
#65     SingleChildRenderObjectElement.update (package:flutter/src/widgets/framework.dart:7025:14)
#66     Element.updateChild (package:flutter/src/widgets/framework.dart:3982:15)
#67     ComponentElement.performRebuild (package:flutter/src/widgets/framework.dart:5747:16)
#68     StatefulElement.performRebuild (package:flutter/src/widgets/framework.dart:5884:11)
#69     Element.rebuild (package:flutter/src/widgets/framework.dart:5435:7)
#70     StatefulElement.update (package:flutter/src/widgets/framework.dart:5909:5)
#71     Element.updateChild (package:flutter/src/widgets/framework.dart:3982:15)
#72     SingleChildRenderObjectElement.update (package:flutter/src/widgets/framework.dart:7025:14)
#73     Element.updateChild (package:flutter/src/widgets/framework.dart:3982:15)
#74     ComponentElement.performRebuild (package:flutter/src/widgets/framework.dart:5747:16)
#75     Element.rebuild (package:flutter/src/widgets/framework.dart:5435:7)
#76     ProxyElement.update (package:flutter/src/widgets/framework.dart:6051:5)
#77     Element.updateChild (package:flutter/src/widgets/framework.dart:3982:15)
#78     SingleChildRenderObjectElement.update (package:flutter/src/widgets/framework.dart:7025:14)
#79     Element.updateChild (package:flutter/src/widgets/framework.dart:3982:15)
#80     ComponentElement.performRebuild (package:flutter/src/widgets/framework.dart:5747:16)
#81     Element.rebuild (package:flutter/src/widgets/framework.dart:5435:7)
#82     ProxyElement.update (package:flutter/src/widgets/framework.dart:6051:5)
#83     Element.updateChild (package:flutter/src/widgets/framework.dart:3982:15)
#84     ComponentElement.performRebuild (package:flutter/src/widgets/framework.dart:5747:16)
#85     StatefulElement.performRebuild (package:flutter/src/widgets/framework.dart:5884:11)
#86     Element.rebuild (package:flutter/src/widgets/framework.dart:5435:7)
#87     StatefulElement.update (package:flutter/src/widgets/framework.dart:5909:5)
#88     Element.updateChild (package:flutter/src/widgets/framework.dart:3982:15)
#89     ComponentElement.performRebuild (package:flutter/src/widgets/framework.dart:5747:16)
#90     Element.rebuild (package:flutter/src/widgets/framework.dart:5435:7)
#91     ProxyElement.update (package:flutter/src/widgets/framework.dart:6051:5)
#92     Element.updateChild (package:flutter/src/widgets/framework.dart:3982:15)
#93     ComponentElement.performRebuild (package:flutter/src/widgets/framework.dart:5747:16)
#94     StatefulElement.performRebuild (package:flutter/src/widgets/framework.dart:5884:11)
#95     Element.rebuild (package:flutter/src/widgets/framework.dart:5435:7)
#96     StatefulElement.update (package:flutter/src/widgets/framework.dart:5909:5)
#97     Element.updateChild (package:flutter/src/widgets/framework.dart:3982:15)
#98     ComponentElement.performRebuild (package:flutter/src/widgets/framework.dart:5747:16)
#99     Element.rebuild (package:flutter/src/widgets/framework.dart:5435:7)
#100    StatelessElement.update (package:flutter/src/widgets/framework.dart:5797:5)
#101    Element.updateChild (package:flutter/src/widgets/framework.dart:3982:15)
#102    SingleChildRenderObjectElement.update (package:flutter/src/widgets/framework.dart:7025:14)
#103    Element.updateChild (package:flutter/src/widgets/framework.dart:3982:15)
#104    SingleChildRenderObjectElement.update (package:flutter/src/widgets/framework.dart:7025:14)
#105    Element.updateChild (package:flutter/src/widgets/framework.dart:3982:15)
#106    ComponentElement.performRebuild (package:flutter/src/widgets/framework.dart:5747:16)
#107    StatefulElement.performRebuild (package:flutter/src/widgets/framework.dart:5884:11)
#108    Element.rebuild (package:flutter/src/widgets/framework.dart:5435:7)
#109    StatefulElement.update (package:flutter/src/widgets/framework.dart:5909:5)
#110    Element.updateChild (package:flutter/src/widgets/framework.dart:3982:15)
#111    ComponentElement.performRebuild (package:flutter/src/widgets/framework.dart:5747:16)
#112    StatefulElement.performRebuild (package:flutter/src/widgets/framework.dart:5884:11)
#113    Element.rebuild (package:flutter/src/widgets/framework.dart:5435:7)
#114    StatefulElement.update (package:flutter/src/widgets/framework.dart:5909:5)
#115    Element.updateChild (package:flutter/src/widgets/framework.dart:3982:15)
#116    SingleChildRenderObjectElement.update (package:flutter/src/widgets/framework.dart:7025:14)
#117    Element.updateChild (package:flutter/src/widgets/framework.dart:3982:15)
#118    SingleChildRenderObjectElement.update (package:flutter/src/widgets/framework.dart:7025:14)
#119    Element.updateChild (package:flutter/src/widgets/framework.dart:3982:15)
#120    ComponentElement.performRebuild (package:flutter/src/widgets/framework.dart:5747:16)
#121    StatefulElement.performRebuild (package:flutter/src/widgets/framework.dart:5884:11)
#122    Element.rebuild (package:flutter/src/widgets/framework.dart:5435:7)
#123    StatefulElement.update (package:flutter/src/widgets/framework.dart:5909:5)
#124    Element.updateChild (package:flutter/src/widgets/framework.dart:3982:15)
#125    ComponentElement.performRebuild (package:flutter/src/widgets/framework.dart:5747:16)
#126    Element.rebuild (package:flutter/src/widgets/framework.dart:5435:7)
#127    StatelessElement.update (package:flutter/src/widgets/framework.dart:5797:5)
#128    Element.updateChild (package:flutter/src/widgets/framework.dart:3982:15)
#129    ComponentElement.performRebuild (package:flutter/src/widgets/framework.dart:5747:16)
#130    StatefulElement.performRebuild (package:flutter/src/widgets/framework.dart:5884:11)
#131    Element.rebuild (package:flutter/src/widgets/framework.dart:5435:7)
#132    StatefulElement.update (package:flutter/src/widgets/framework.dart:5909:5)
#133    Element.updateChild (package:flutter/src/widgets/framework.dart:3982:15)
#134    _LayoutBuilderElement._rebuildWithConstraints.updateChildCallback (package:flutter/src/widgets/layout_builder.dart:248:18)
#135    BuildOwner.buildScope (package:flutter/src/widgets/framework.dart:3046:19)
#136    _LayoutBuilderElement._rebuildWithConstraints (package:flutter/src/widgets/layout_builder.dart:271:12)
#137    RenderAbstractLayoutBuilderMixin.layoutCallback (package:flutter/src/widgets/layout_builder.dart:334:38)
#138    RenderObjectWithLayoutCallbackMixin.runLayoutCallback.<anonymous closure> (package:flutter/src/rendering/object.dart:4156:33)
#139    RenderObject.invokeLayoutCallback.<anonymous closure> (package:flutter/src/rendering/object.dart:2881:17)
#140    PipelineOwner._enableMutationsToDirtySubtrees (package:flutter/src/rendering/object.dart:1206:15)
#141    RenderObject.invokeLayoutCallback (package:flutter/src/rendering/object.dart:2880:14)
#142    RenderObjectWithLayoutCallbackMixin.runLayoutCallback (package:flutter/src/rendering/object.dart:4156:5)
#143    _RenderLayoutBuilder.performLayout (package:flutter/src/widgets/layout_builder.dart:448:5)
#144    RenderObject.layout (package:flutter/src/rendering/object.dart:2762:7)
#145    ChildLayoutHelper.layoutChild (package:flutter/src/rendering/layout_helper.dart:62:11)
#146    RenderFlex._computeSizes (package:flutter/src/rendering/flex.dart:1161:28)
#147    RenderFlex.performLayout (package:flutter/src/rendering/flex.dart:1257:32)
#148    RenderObject.layout (package:flutter/src/rendering/object.dart:2762:7)
#149    RenderPadding.performLayout (package:flutter/src/rendering/shifted_box.dart:243:12)
#150    RenderObject.layout (package:flutter/src/rendering/object.dart:2762:7)
#151    RenderProxyBoxMixin.performLayout (package:flutter/src/rendering/proxy_box.dart:115:18)
#152    RenderObject.layout (package:flutter/src/rendering/object.dart:2762:7)
#153    RenderPadding.performLayout (package:flutter/src/rendering/shifted_box.dart:243:12)
#154    RenderObject.layout (package:flutter/src/rendering/object.dart:2762:7)
#155    RenderSliverToBoxAdapter.performLayout (package:flutter/src/rendering/sliver.dart:2041:12)
#156    RenderObject.layout (package:flutter/src/rendering/object.dart:2762:7)
#157    RenderViewportBase.layoutChildSequence (package:flutter/src/rendering/viewport.dart:673:13)
#158    RenderViewport._attemptLayout (package:flutter/src/rendering/viewport.dart:1684:12)
#159    RenderViewport.performLayout (package:flutter/src/rendering/viewport.dart:1575:20)
#160    RenderObject._layoutWithoutResize (package:flutter/src/rendering/object.dart:2610:7)
#161    PipelineOwner.flushLayout (package:flutter/src/rendering/object.dart:1157:18)
#162    PipelineOwner.flushLayout (package:flutter/src/rendering/object.dart:1170:15)
#163    RendererBinding.drawFrame (package:flutter/src/rendering/binding.dart:629:23)
#164    WidgetsBinding.drawFrame (package:flutter/src/widgets/binding.dart:1261:13)
#165    RendererBinding._handlePersistentFrameCallback (package:flutter/src/rendering/binding.dart:495:5)
#166    SchedulerBinding._invokeFrameCallback (package:flutter/src/scheduler/binding.dart:1434:15)
#167    SchedulerBinding.handleDrawFrame (package:flutter/src/scheduler/binding.dart:1347:9)
#168    SchedulerBinding._handleDrawFrame (package:flutter/src/scheduler/binding.dart:1200:5)
#169    _invoke (dart:ui/hooks.dart:330:13)
#170    PlatformDispatcher._drawFrame (dart:ui/platform_dispatcher.dart:444:5)
#171    _drawFrame (dart:ui/hooks.dart:302:31)
====================================================================================================